This is pdfTeX, Version 3.14159265-2.6-1.40.20 (TeX Live 2019/Debian) (preloaded format=pdflatex 2020.5.1)  22 JUN 2020 18:05
entering extended mode
 restricted \write18 enabled.
 %&-line parsing enabled.
**ShapeOptimizationROMSCO.tex
(./ShapeOptimizationROMSCO.tex
LaTeX2e <2020-02-02> patch level 2
L3 programming layer <2020-02-14>
(/usr/share/texlive/texmf-dist/tex/latex/movie15/movie15.sty
Package: movie15 2012/05/16

(/usr/share/texlive/texmf-dist/tex/latex/graphics/keyval.sty
Package: keyval 2014/10/28 v1.15 key=value parser (DPC)
\KV@toks@=\toks14
)
(/usr/share/texlive/texmf-dist/tex/latex/base/ifthen.sty
Package: ifthen 2014/09/29 v1.1c Standard LaTeX ifthen package (DPC)
)
(/usr/share/texlive/texmf-dist/tex/generic/iftex/ifpdf.sty
Package: ifpdf 2019/10/25 v3.4 ifpdf legacy package. Use iftex instead.

(/usr/share/texlive/texmf-dist/tex/generic/iftex/iftex.sty
Package: iftex 2019/11/07 v1.0c TeX engine tests
))
(/usr/share/texlive/texmf-dist/tex/latex/oberdiek/ifdraft.sty
Package: ifdraft 2016/05/16 v1.4 Detect class options draft and final (HO)
)
(/usr/share/texlive/texmf-dist/tex/latex/ms/everyshi.sty
Package: everyshi 2001/05/15 v3.00 EveryShipout Package (MS)
)
\@MXV@page=\count167
\@MXV@adict=\count168
\@MXV@aadict=\count169
\@MXV@includes=\count170
\@MXV@players=\count171
\@MXV@links=\count172
\@MXV@width=\dimen134
\@MXV@height=\dimen135
\@MXV@depth=\dimen136
\@MXV@totalheight=\dimen137
\@MXV@@boxdepth=\dimen138
\@MXV@traiselen=\dimen139
\@MXV@braiselen=\dimen140
\@MXV@start=\dimen141
\@MXV@end=\dimen142
\@MXV@textbox=\box45
)
(/usr/share/texlive/texmf-dist/tex/latex/beamer/beamer.cls
Document Class: beamer 2019/09/29 v3.57 A class for typesetting presentations
(/usr/share/texlive/texmf-dist/tex/latex/beamer/beamerbasemodes.sty
(/usr/share/texlive/texmf-dist/tex/latex/etoolbox/etoolbox.sty
Package: etoolbox 2019/09/21 v2.5h e-TeX tools for LaTeX (JAW)
\etb@tempcnta=\count173
)
\beamer@tempbox=\box46
\beamer@tempcount=\count174
\c@beamerpauses=\count175

(/usr/share/texlive/texmf-dist/tex/latex/beamer/beamerbasedecode.sty
\beamer@slideinframe=\count176
\beamer@minimum=\count177
\beamer@decode@box=\box47
)
\beamer@commentbox=\box48
\beamer@modecount=\count178
)
\headdp=\dimen143
\footheight=\dimen144
\sidebarheight=\dimen145
\beamer@tempdim=\dimen146
\beamer@finalheight=\dimen147
\beamer@animht=\dimen148
\beamer@animdp=\dimen149
\beamer@animwd=\dimen150
\beamer@leftmargin=\dimen151
\beamer@rightmargin=\dimen152
\beamer@leftsidebar=\dimen153
\beamer@rightsidebar=\dimen154
\beamer@boxsize=\dimen155
\beamer@vboxoffset=\dimen156
\beamer@descdefault=\dimen157
\beamer@descriptionwidth=\dimen158
\beamer@lastskip=\skip47
\beamer@areabox=\box49
\beamer@animcurrent=\box50
\beamer@animshowbox=\box51
\beamer@sectionbox=\box52
\beamer@logobox=\box53
\beamer@linebox=\box54
\beamer@sectioncount=\count179
\beamer@subsubsectionmax=\count180
\beamer@subsectionmax=\count181
\beamer@sectionmax=\count182
\beamer@totalheads=\count183
\beamer@headcounter=\count184
\beamer@partstartpage=\count185
\beamer@sectionstartpage=\count186
\beamer@subsectionstartpage=\count187
\beamer@animationtempa=\count188
\beamer@animationtempb=\count189
\beamer@xpos=\count190
\beamer@ypos=\count191
\beamer@ypos@offset=\count192
\beamer@showpartnumber=\count193
\beamer@currentsubsection=\count194
\beamer@coveringdepth=\count195
\beamer@sectionadjust=\count196
\beamer@tocsectionnumber=\count197

(/usr/share/texlive/texmf-dist/tex/latex/beamer/beamerbaseoptions.sty)
\beamer@paperwidth=\skip48
\beamer@paperheight=\skip49

(/usr/share/texlive/texmf-dist/tex/latex/geometry/geometry.sty
Package: geometry 2020/01/02 v5.9 Page Geometry

(/usr/share/texlive/texmf-dist/tex/generic/iftex/ifvtex.sty
Package: ifvtex 2019/10/25 v1.7 ifvtex legacy package. Use iftex instead.
)
\Gm@cnth=\count198
\Gm@cntv=\count199
\c@Gm@tempcnt=\count266
\Gm@bindingoffset=\dimen159
\Gm@wd@mp=\dimen160
\Gm@odd@mp=\dimen161
\Gm@even@mp=\dimen162
\Gm@layoutwidth=\dimen163
\Gm@layoutheight=\dimen164
\Gm@layouthoffset=\dimen165
\Gm@layoutvoffset=\dimen166
\Gm@dimlist=\toks15
)
(/usr/share/texlive/texmf-dist/tex/latex/extsizes/size8.clo
File: size8.clo 1999/11/11 v1.4a NON-Standard LaTeX file (size option)
)
(/usr/share/texlive/texmf-dist/tex/latex/pgf/basiclayer/pgfcore.sty
(/usr/share/texlive/texmf-dist/tex/latex/graphics/graphicx.sty
Package: graphicx 2019/11/30 v1.2a Enhanced LaTeX Graphics (DPC,SPQR)

(/usr/share/texlive/texmf-dist/tex/latex/graphics/graphics.sty
Package: graphics 2019/11/30 v1.4a Standard LaTeX Graphics (DPC,SPQR)

(/usr/share/texlive/texmf-dist/tex/latex/graphics/trig.sty
Package: trig 2016/01/03 v1.10 sin cos tan (DPC)
)
(/usr/share/texlive/texmf-dist/tex/latex/graphics-cfg/graphics.cfg
File: graphics.cfg 2016/06/04 v1.11 sample graphics configuration
)
Package graphics Info: Driver file: pdftex.def on input line 105.

(/usr/share/texlive/texmf-dist/tex/latex/graphics-def/pdftex.def
File: pdftex.def 2018/01/08 v1.0l Graphics/color driver for pdftex
))
\Gin@req@height=\dimen167
\Gin@req@width=\dimen168
)
(/usr/share/texlive/texmf-dist/tex/latex/pgf/systemlayer/pgfsys.sty
(/usr/share/texlive/texmf-dist/tex/latex/pgf/utilities/pgfrcs.sty
(/usr/share/texlive/texmf-dist/tex/generic/pgf/utilities/pgfutil-common.tex
\pgfutil@everybye=\toks16
\pgfutil@tempdima=\dimen169
\pgfutil@tempdimb=\dimen170

(/usr/share/texlive/texmf-dist/tex/generic/pgf/utilities/pgfutil-common-lists.t
ex)) (/usr/share/texlive/texmf-dist/tex/generic/pgf/utilities/pgfutil-latex.def
\pgfutil@abb=\box55
) (/usr/share/texlive/texmf-dist/tex/generic/pgf/utilities/pgfrcs.code.tex
(/usr/share/texlive/texmf-dist/tex/generic/pgf/pgf.revision.tex)
Package: pgfrcs 2020/01/08 v3.1.5b (3.1.5b)
))
(/usr/share/texlive/texmf-dist/tex/generic/pgf/systemlayer/pgfsys.code.tex
Package: pgfsys 2020/01/08 v3.1.5b (3.1.5b)

(/usr/share/texlive/texmf-dist/tex/generic/pgf/utilities/pgfkeys.code.tex
\pgfkeys@pathtoks=\toks17
\pgfkeys@temptoks=\toks18

(/usr/share/texlive/texmf-dist/tex/generic/pgf/utilities/pgfkeysfiltered.code.t
ex
\pgfkeys@tmptoks=\toks19
))
\pgf@x=\dimen171
\pgf@y=\dimen172
\pgf@xa=\dimen173
\pgf@ya=\dimen174
\pgf@xb=\dimen175
\pgf@yb=\dimen176
\pgf@xc=\dimen177
\pgf@yc=\dimen178
\pgf@xd=\dimen179
\pgf@yd=\dimen180
\w@pgf@writea=\write3
\r@pgf@reada=\read2
\c@pgf@counta=\count267
\c@pgf@countb=\count268
\c@pgf@countc=\count269
\c@pgf@countd=\count270
\t@pgf@toka=\toks20
\t@pgf@tokb=\toks21
\t@pgf@tokc=\toks22
\pgf@sys@id@count=\count271
 (/usr/share/texlive/texmf-dist/tex/generic/pgf/systemlayer/pgf.cfg
File: pgf.cfg 2020/01/08 v3.1.5b (3.1.5b)
)
Driver file for pgf: pgfsys-pdftex.def

(/usr/share/texlive/texmf-dist/tex/generic/pgf/systemlayer/pgfsys-pdftex.def
File: pgfsys-pdftex.def 2020/01/08 v3.1.5b (3.1.5b)

(/usr/share/texlive/texmf-dist/tex/generic/pgf/systemlayer/pgfsys-common-pdf.de
f
File: pgfsys-common-pdf.def 2020/01/08 v3.1.5b (3.1.5b)
)))
(/usr/share/texlive/texmf-dist/tex/generic/pgf/systemlayer/pgfsyssoftpath.code.
tex
File: pgfsyssoftpath.code.tex 2020/01/08 v3.1.5b (3.1.5b)
\pgfsyssoftpath@smallbuffer@items=\count272
\pgfsyssoftpath@bigbuffer@items=\count273
)
(/usr/share/texlive/texmf-dist/tex/generic/pgf/systemlayer/pgfsysprotocol.code.
tex
File: pgfsysprotocol.code.tex 2020/01/08 v3.1.5b (3.1.5b)
)) (/usr/share/texlive/texmf-dist/tex/latex/xcolor/xcolor.sty
Package: xcolor 2016/05/11 v2.12 LaTeX color extensions (UK)

(/usr/share/texlive/texmf-dist/tex/latex/graphics-cfg/color.cfg
File: color.cfg 2016/01/02 v1.6 sample color configuration
)
Package xcolor Info: Driver file: pdftex.def on input line 225.
Package xcolor Info: Model `cmy' substituted by `cmy0' on input line 1348.
Package xcolor Info: Model `hsb' substituted by `rgb' on input line 1352.
Package xcolor Info: Model `RGB' extended on input line 1364.
Package xcolor Info: Model `HTML' substituted by `rgb' on input line 1366.
Package xcolor Info: Model `Hsb' substituted by `hsb' on input line 1367.
Package xcolor Info: Model `tHsb' substituted by `hsb' on input line 1368.
Package xcolor Info: Model `HSB' substituted by `hsb' on input line 1369.
Package xcolor Info: Model `Gray' substituted by `gray' on input line 1370.
Package xcolor Info: Model `wave' substituted by `hsb' on input line 1371.
)
(/usr/share/texlive/texmf-dist/tex/generic/pgf/basiclayer/pgfcore.code.tex
Package: pgfcore 2020/01/08 v3.1.5b (3.1.5b)

(/usr/share/texlive/texmf-dist/tex/generic/pgf/math/pgfmath.code.tex
(/usr/share/texlive/texmf-dist/tex/generic/pgf/math/pgfmathcalc.code.tex
(/usr/share/texlive/texmf-dist/tex/generic/pgf/math/pgfmathutil.code.tex)
(/usr/share/texlive/texmf-dist/tex/generic/pgf/math/pgfmathparser.code.tex
\pgfmath@dimen=\dimen181
\pgfmath@count=\count274
\pgfmath@box=\box56
\pgfmath@toks=\toks23
\pgfmath@stack@operand=\toks24
\pgfmath@stack@operation=\toks25
)
(/usr/share/texlive/texmf-dist/tex/generic/pgf/math/pgfmathfunctions.code.tex
(/usr/share/texlive/texmf-dist/tex/generic/pgf/math/pgfmathfunctions.basic.code
.tex)
(/usr/share/texlive/texmf-dist/tex/generic/pgf/math/pgfmathfunctions.trigonomet
ric.code.tex)
(/usr/share/texlive/texmf-dist/tex/generic/pgf/math/pgfmathfunctions.random.cod
e.tex)
(/usr/share/texlive/texmf-dist/tex/generic/pgf/math/pgfmathfunctions.comparison
.code.tex)
(/usr/share/texlive/texmf-dist/tex/generic/pgf/math/pgfmathfunctions.base.code.
tex)
(/usr/share/texlive/texmf-dist/tex/generic/pgf/math/pgfmathfunctions.round.code
.tex)
(/usr/share/texlive/texmf-dist/tex/generic/pgf/math/pgfmathfunctions.misc.code.
tex)
(/usr/share/texlive/texmf-dist/tex/generic/pgf/math/pgfmathfunctions.integerari
thmetics.code.tex)))
(/usr/share/texlive/texmf-dist/tex/generic/pgf/math/pgfmathfloat.code.tex
\c@pgfmathroundto@lastzeros=\count275
))
(/usr/share/texlive/texmf-dist/tex/generic/pgf/math/pgfint.code.tex)
(/usr/share/texlive/texmf-dist/tex/generic/pgf/basiclayer/pgfcorepoints.code.te
x
File: pgfcorepoints.code.tex 2020/01/08 v3.1.5b (3.1.5b)
\pgf@picminx=\dimen182
\pgf@picmaxx=\dimen183
\pgf@picminy=\dimen184
\pgf@picmaxy=\dimen185
\pgf@pathminx=\dimen186
\pgf@pathmaxx=\dimen187
\pgf@pathminy=\dimen188
\pgf@pathmaxy=\dimen189
\pgf@xx=\dimen190
\pgf@xy=\dimen191
\pgf@yx=\dimen192
\pgf@yy=\dimen193
\pgf@zx=\dimen194
\pgf@zy=\dimen195
)
(/usr/share/texlive/texmf-dist/tex/generic/pgf/basiclayer/pgfcorepathconstruct.
code.tex
File: pgfcorepathconstruct.code.tex 2020/01/08 v3.1.5b (3.1.5b)
\pgf@path@lastx=\dimen196
\pgf@path@lasty=\dimen197
)
(/usr/share/texlive/texmf-dist/tex/generic/pgf/basiclayer/pgfcorepathusage.code
.tex
File: pgfcorepathusage.code.tex 2020/01/08 v3.1.5b (3.1.5b)
\pgf@shorten@end@additional=\dimen198
\pgf@shorten@start@additional=\dimen199
)
(/usr/share/texlive/texmf-dist/tex/generic/pgf/basiclayer/pgfcorescopes.code.te
x
File: pgfcorescopes.code.tex 2020/01/08 v3.1.5b (3.1.5b)
\pgfpic=\box57
\pgf@hbox=\box58
\pgf@layerbox@main=\box59
\pgf@picture@serial@count=\count276
)
(/usr/share/texlive/texmf-dist/tex/generic/pgf/basiclayer/pgfcoregraphicstate.c
ode.tex
File: pgfcoregraphicstate.code.tex 2020/01/08 v3.1.5b (3.1.5b)
\pgflinewidth=\dimen256
)
(/usr/share/texlive/texmf-dist/tex/generic/pgf/basiclayer/pgfcoretransformation
s.code.tex
File: pgfcoretransformations.code.tex 2020/01/08 v3.1.5b (3.1.5b)
\pgf@pt@x=\dimen257
\pgf@pt@y=\dimen258
\pgf@pt@temp=\dimen259
)
(/usr/share/texlive/texmf-dist/tex/generic/pgf/basiclayer/pgfcorequick.code.tex
File: pgfcorequick.code.tex 2020/01/08 v3.1.5b (3.1.5b)
)
(/usr/share/texlive/texmf-dist/tex/generic/pgf/basiclayer/pgfcoreobjects.code.t
ex
File: pgfcoreobjects.code.tex 2020/01/08 v3.1.5b (3.1.5b)
)
(/usr/share/texlive/texmf-dist/tex/generic/pgf/basiclayer/pgfcorepathprocessing
.code.tex
File: pgfcorepathprocessing.code.tex 2020/01/08 v3.1.5b (3.1.5b)
)
(/usr/share/texlive/texmf-dist/tex/generic/pgf/basiclayer/pgfcorearrows.code.te
x
File: pgfcorearrows.code.tex 2020/01/08 v3.1.5b (3.1.5b)
\pgfarrowsep=\dimen260
)
(/usr/share/texlive/texmf-dist/tex/generic/pgf/basiclayer/pgfcoreshade.code.tex
File: pgfcoreshade.code.tex 2020/01/08 v3.1.5b (3.1.5b)
\pgf@max=\dimen261
\pgf@sys@shading@range@num=\count277
\pgf@shadingcount=\count278
)
(/usr/share/texlive/texmf-dist/tex/generic/pgf/basiclayer/pgfcoreimage.code.tex
File: pgfcoreimage.code.tex 2020/01/08 v3.1.5b (3.1.5b)

(/usr/share/texlive/texmf-dist/tex/generic/pgf/basiclayer/pgfcoreexternal.code.
tex
File: pgfcoreexternal.code.tex 2020/01/08 v3.1.5b (3.1.5b)
\pgfexternal@startupbox=\box60
))
(/usr/share/texlive/texmf-dist/tex/generic/pgf/basiclayer/pgfcorelayers.code.te
x
File: pgfcorelayers.code.tex 2020/01/08 v3.1.5b (3.1.5b)
)
(/usr/share/texlive/texmf-dist/tex/generic/pgf/basiclayer/pgfcoretransparency.c
ode.tex
File: pgfcoretransparency.code.tex 2020/01/08 v3.1.5b (3.1.5b)
)
(/usr/share/texlive/texmf-dist/tex/generic/pgf/basiclayer/pgfcorepatterns.code.
tex
File: pgfcorepatterns.code.tex 2020/01/08 v3.1.5b (3.1.5b)
)
(/usr/share/texlive/texmf-dist/tex/generic/pgf/basiclayer/pgfcorerdf.code.tex
File: pgfcorerdf.code.tex 2020/01/08 v3.1.5b (3.1.5b)
))) (/usr/share/texlive/texmf-dist/tex/latex/pgf/utilities/xxcolor.sty
Package: xxcolor 2003/10/24 ver 0.1
\XC@nummixins=\count279
\XC@countmixins=\count280
)
(/usr/share/texlive/texmf-dist/tex/generic/atbegshi/atbegshi.sty
Package: atbegshi 2019/12/05 v1.19 At begin shipout hook (HO)

(/usr/share/texlive/texmf-dist/tex/generic/infwarerr/infwarerr.sty
Package: infwarerr 2019/12/03 v1.5 Providing info/warning/error messages (HO)
)
(/usr/share/texlive/texmf-dist/tex/generic/ltxcmds/ltxcmds.sty
Package: ltxcmds 2019/12/15 v1.24 LaTeX kernel commands for general use (HO)
))
(/usr/share/texlive/texmf-dist/tex/latex/hyperref/hyperref.sty
Package: hyperref 2020/01/14 v7.00d Hypertext links for LaTeX

(/usr/share/texlive/texmf-dist/tex/latex/pdftexcmds/pdftexcmds.sty
Package: pdftexcmds 2019/11/24 v0.31 Utility functions of pdfTeX for LuaTeX (HO
)
Package pdftexcmds Info: \pdf@primitive is available.
Package pdftexcmds Info: \pdf@ifprimitive is available.
Package pdftexcmds Info: \pdfdraftmode found.
)
(/usr/share/texlive/texmf-dist/tex/generic/kvsetkeys/kvsetkeys.sty
Package: kvsetkeys 2019/12/15 v1.18 Key value parser (HO)
)
(/usr/share/texlive/texmf-dist/tex/generic/kvdefinekeys/kvdefinekeys.sty
Package: kvdefinekeys 2019-12-19 v1.6 Define keys (HO)
)
(/usr/share/texlive/texmf-dist/tex/generic/pdfescape/pdfescape.sty
Package: pdfescape 2019/12/09 v1.15 Implements pdfTeX's escape features (HO)
)
(/usr/share/texlive/texmf-dist/tex/latex/hycolor/hycolor.sty
Package: hycolor 2020-01-27 v1.10 Color options for hyperref/bookmark (HO)
)
(/usr/share/texlive/texmf-dist/tex/latex/letltxmacro/letltxmacro.sty
Package: letltxmacro 2019/12/03 v1.6 Let assignment for LaTeX macros (HO)
)
(/usr/share/texlive/texmf-dist/tex/latex/auxhook/auxhook.sty
Package: auxhook 2019-12-17 v1.6 Hooks for auxiliary files (HO)
)
(/usr/share/texlive/texmf-dist/tex/latex/kvoptions/kvoptions.sty
Package: kvoptions 2019/11/29 v3.13 Key value format for package options (HO)
)
\@linkdim=\dimen262
\Hy@linkcounter=\count281
\Hy@pagecounter=\count282

(/usr/share/texlive/texmf-dist/tex/latex/hyperref/pd1enc.def
File: pd1enc.def 2020/01/14 v7.00d Hyperref: PDFDocEncoding definition (HO)
Now handling font encoding PD1 ...
... no UTF-8 mapping file for font encoding PD1
)
(/usr/share/texlive/texmf-dist/tex/generic/intcalc/intcalc.sty
Package: intcalc 2019/12/15 v1.3 Expandable calculations with integers (HO)
)
(/usr/share/texlive/texmf-dist/tex/generic/etexcmds/etexcmds.sty
Package: etexcmds 2019/12/15 v1.7 Avoid name clashes with e-TeX commands (HO)
)
\Hy@SavedSpaceFactor=\count283
\pdfmajorversion=\count284
Package hyperref Info: Option `bookmarks' set `true' on input line 4421.
Package hyperref Info: Option `bookmarksopen' set `true' on input line 4421.
Package hyperref Info: Option `implicit' set `false' on input line 4421.
Package hyperref Info: Hyper figures OFF on input line 4547.
Package hyperref Info: Link nesting OFF on input line 4552.
Package hyperref Info: Hyper index ON on input line 4555.
Package hyperref Info: Plain pages OFF on input line 4562.
Package hyperref Info: Backreferencing OFF on input line 4567.
Package hyperref Info: Implicit mode OFF; no redefinition of LaTeX internals.
Package hyperref Info: Bookmarks ON on input line 4800.
\c@Hy@tempcnt=\count285

(/usr/share/texlive/texmf-dist/tex/latex/url/url.sty
\Urlmuskip=\muskip16
Package: url 2013/09/16  ver 3.4  Verb mode for urls, etc.
)
LaTeX Info: Redefining \url on input line 5159.
\XeTeXLinkMargin=\dimen263

(/usr/share/texlive/texmf-dist/tex/generic/bitset/bitset.sty
Package: bitset 2019/12/09 v1.3 Handle bit-vector datatype (HO)

(/usr/share/texlive/texmf-dist/tex/generic/bigintcalc/bigintcalc.sty
Package: bigintcalc 2019/12/15 v1.5 Expandable calculations on big integers (HO
)
))
\Fld@menulength=\count286
\Field@Width=\dimen264
\Fld@charsize=\dimen265
Package hyperref Info: Hyper figures OFF on input line 6430.
Package hyperref Info: Link nesting OFF on input line 6435.
Package hyperref Info: Hyper index ON on input line 6438.
Package hyperref Info: backreferencing OFF on input line 6445.
Package hyperref Info: Link coloring OFF on input line 6450.
Package hyperref Info: Link coloring with OCG OFF on input line 6455.
Package hyperref Info: PDF/A mode OFF on input line 6460.
LaTeX Info: Redefining \ref on input line 6500.
LaTeX Info: Redefining \pageref on input line 6504.
\Hy@abspage=\count287


Package hyperref Message: Stopped early.

)
Package hyperref Info: Driver (autodetected): hpdftex.
 (/usr/share/texlive/texmf-dist/tex/latex/hyperref/hpdftex.def
File: hpdftex.def 2020/01/14 v7.00d Hyperref driver for pdfTeX

(/usr/share/texlive/texmf-dist/tex/latex/atveryend/atveryend.sty
Package: atveryend 2019-12-11 v1.11 Hooks at the very end of document (HO)
)
\Fld@listcount=\count288
\c@bookmark@seq@number=\count289

(/usr/share/texlive/texmf-dist/tex/latex/rerunfilecheck/rerunfilecheck.sty
Package: rerunfilecheck 2019/12/05 v1.9 Rerun checks for auxiliary files (HO)

(/usr/share/texlive/texmf-dist/tex/generic/uniquecounter/uniquecounter.sty
Package: uniquecounter 2019/12/15 v1.4 Provide unlimited unique counter (HO)
)
Package uniquecounter Info: New unique counter `rerunfilecheck' on input line 2
86.
))
(/usr/share/texlive/texmf-dist/tex/latex/beamer/beamerbaserequires.sty
(/usr/share/texlive/texmf-dist/tex/latex/beamer/beamerbasecompatibility.sty)
(/usr/share/texlive/texmf-dist/tex/latex/beamer/beamerbasefont.sty
(/usr/share/texlive/texmf-dist/tex/latex/amsfonts/amssymb.sty
Package: amssymb 2013/01/14 v3.01 AMS font symbols

(/usr/share/texlive/texmf-dist/tex/latex/amsfonts/amsfonts.sty
Package: amsfonts 2013/01/14 v3.01 Basic AMSFonts support
\@emptytoks=\toks26
\symAMSa=\mathgroup4
\symAMSb=\mathgroup5
LaTeX Font Info:    Redeclaring math symbol \hbar on input line 98.
LaTeX Font Info:    Overwriting math alphabet `\mathfrak' in version `bold'
(Font)                  U/euf/m/n --> U/euf/b/n on input line 106.
)))
(/usr/share/texlive/texmf-dist/tex/latex/beamer/beamerbasetranslator.sty
(/usr/share/texlive/texmf-dist/tex/latex/translator/translator.sty
Package: translator 2019-05-31 v1.12a Easy translation of strings in LaTeX
))
(/usr/share/texlive/texmf-dist/tex/latex/beamer/beamerbasemisc.sty)
(/usr/share/texlive/texmf-dist/tex/latex/beamer/beamerbasetwoscreens.sty)
(/usr/share/texlive/texmf-dist/tex/latex/beamer/beamerbaseoverlay.sty
\beamer@argscount=\count290
\beamer@lastskipcover=\skip50
\beamer@trivlistdepth=\count291
)
(/usr/share/texlive/texmf-dist/tex/latex/beamer/beamerbasetitle.sty)
(/usr/share/texlive/texmf-dist/tex/latex/beamer/beamerbasesection.sty
\c@lecture=\count292
\c@part=\count293
\c@section=\count294
\c@subsection=\count295
\c@subsubsection=\count296
)
(/usr/share/texlive/texmf-dist/tex/latex/beamer/beamerbaseframe.sty
\beamer@framebox=\box61
\beamer@frametitlebox=\box62
\beamer@zoombox=\box63
\beamer@zoomcount=\count297
\beamer@zoomframecount=\count298
\beamer@frametextheight=\dimen266
\c@subsectionslide=\count299
\beamer@frametopskip=\skip51
\beamer@framebottomskip=\skip52
\beamer@frametopskipautobreak=\skip53
\beamer@framebottomskipautobreak=\skip54
\beamer@envbody=\toks27
\framewidth=\dimen267
\c@framenumber=\count300
)
(/usr/share/texlive/texmf-dist/tex/latex/beamer/beamerbaseverbatim.sty
\beamer@verbatimfileout=\write4
)
(/usr/share/texlive/texmf-dist/tex/latex/beamer/beamerbaseframesize.sty
\beamer@splitbox=\box64
\beamer@autobreakcount=\count301
\beamer@autobreaklastheight=\dimen268
\beamer@frametitletoks=\toks28
\beamer@framesubtitletoks=\toks29
)
(/usr/share/texlive/texmf-dist/tex/latex/beamer/beamerbaseframecomponents.sty
\beamer@footins=\box65
)
(/usr/share/texlive/texmf-dist/tex/latex/beamer/beamerbasecolor.sty)
(/usr/share/texlive/texmf-dist/tex/latex/beamer/beamerbasenotes.sty
\beamer@frameboxcopy=\box66
)
(/usr/share/texlive/texmf-dist/tex/latex/beamer/beamerbasetoc.sty)
(/usr/share/texlive/texmf-dist/tex/latex/beamer/beamerbasetemplates.sty
\beamer@sbttoks=\toks30

(/usr/share/texlive/texmf-dist/tex/latex/beamer/beamerbaseauxtemplates.sty
(/usr/share/texlive/texmf-dist/tex/latex/beamer/beamerbaseboxes.sty
\bmb@box=\box67
\bmb@colorbox=\box68
\bmb@boxshadow=\box69
\bmb@boxshadowball=\box70
\bmb@boxshadowballlarge=\box71
\bmb@temp=\dimen269
\bmb@dima=\dimen270
\bmb@dimb=\dimen271
\bmb@prevheight=\dimen272
)
\beamer@blockheadheight=\dimen273
))
(/usr/share/texlive/texmf-dist/tex/latex/beamer/beamerbaselocalstructure.sty
(/usr/share/texlive/texmf-dist/tex/latex/tools/enumerate.sty
Package: enumerate 2015/07/23 v3.00 enumerate extensions (DPC)
\@enLab=\toks31
)
\c@figure=\count302
\c@table=\count303
\abovecaptionskip=\skip55
\belowcaptionskip=\skip56
)
(/usr/share/texlive/texmf-dist/tex/latex/beamer/beamerbasenavigation.sty
\beamer@section@min@dim=\dimen274
)
(/usr/share/texlive/texmf-dist/tex/latex/beamer/beamerbasetheorems.sty
(/usr/share/texlive/texmf-dist/tex/latex/amsmath/amsmath.sty
Package: amsmath 2020/01/20 v2.17e AMS math features
\@mathmargin=\skip57

For additional information on amsmath, use the `?' option.
(/usr/share/texlive/texmf-dist/tex/latex/amsmath/amstext.sty
Package: amstext 2000/06/29 v2.01 AMS text

(/usr/share/texlive/texmf-dist/tex/latex/amsmath/amsgen.sty
File: amsgen.sty 1999/11/30 v2.0 generic functions
\@emptytoks=\toks32
\ex@=\dimen275
))
(/usr/share/texlive/texmf-dist/tex/latex/amsmath/amsbsy.sty
Package: amsbsy 1999/11/29 v1.2d Bold Symbols
\pmbraise@=\dimen276
)
(/usr/share/texlive/texmf-dist/tex/latex/amsmath/amsopn.sty
Package: amsopn 2016/03/08 v2.02 operator names
)
\inf@bad=\count304
LaTeX Info: Redefining \frac on input line 227.
\uproot@=\count305
\leftroot@=\count306
LaTeX Info: Redefining \overline on input line 389.
\classnum@=\count307
\DOTSCASE@=\count308
LaTeX Info: Redefining \ldots on input line 486.
LaTeX Info: Redefining \dots on input line 489.
LaTeX Info: Redefining \cdots on input line 610.
\Mathstrutbox@=\box72
\strutbox@=\box73
\big@size=\dimen277
LaTeX Font Info:    Redeclaring font encoding OML on input line 733.
LaTeX Font Info:    Redeclaring font encoding OMS on input line 734.
\macc@depth=\count309
\c@MaxMatrixCols=\count310
\dotsspace@=\muskip17
\c@parentequation=\count311
\dspbrk@lvl=\count312
\tag@help=\toks33
\row@=\count313
\column@=\count314
\maxfields@=\count315
\andhelp@=\toks34
\eqnshift@=\dimen278
\alignsep@=\dimen279
\tagshift@=\dimen280
\tagwidth@=\dimen281
\totwidth@=\dimen282
\lineht@=\dimen283
\@envbody=\toks35
\multlinegap=\skip58
\multlinetaggap=\skip59
\mathdisplay@stack=\toks36
LaTeX Info: Redefining \[ on input line 2859.
LaTeX Info: Redefining \] on input line 2860.
)
(/usr/share/texlive/texmf-dist/tex/latex/amscls/amsthm.sty
Package: amsthm 2017/10/31 v2.20.4
\thm@style=\toks37
\thm@bodyfont=\toks38
\thm@headfont=\toks39
\thm@notefont=\toks40
\thm@headpunct=\toks41
\thm@preskip=\skip60
\thm@postskip=\skip61
\thm@headsep=\skip62
\dth@everypar=\toks42
)
\c@theorem=\count316
)
(/usr/share/texlive/texmf-dist/tex/latex/beamer/beamerbasethemes.sty))
(/usr/share/texlive/texmf-dist/tex/latex/beamer/beamerthemedefault.sty
(/usr/share/texlive/texmf-dist/tex/latex/beamer/beamerfontthemedefault.sty)
(/usr/share/texlive/texmf-dist/tex/latex/beamer/beamercolorthemedefault.sty)
(/usr/share/texlive/texmf-dist/tex/latex/beamer/beamerinnerthemedefault.sty
\beamer@dima=\dimen284
\beamer@dimb=\dimen285
)
(/usr/share/texlive/texmf-dist/tex/latex/beamer/beamerouterthemedefault.sty)))
(/usr/share/texlive/texmf-dist/tex/latex/base/fontenc.sty
Package: fontenc 2020/02/11 v2.0o Standard LaTeX package
)
(/usr/share/texlive/texmf-dist/tex/latex/ucs/ucs.sty
Package: ucs 2013/05/11 v2.2 UCS: Unicode input support

(/usr/share/texlive/texmf-dist/tex/latex/ucs/data/uni-global.def
File: uni-global.def 2013/05/13 UCS: Unicode global data
)
\uc@secondtry=\count317
\uc@combtoks=\toks43
\uc@combtoksb=\toks44
\uc@temptokena=\toks45
)
(/usr/share/texlive/texmf-dist/tex/latex/base/inputenc.sty
Package: inputenc 2018/08/11 v1.3c Input encoding file
\inpenc@prehook=\toks46
\inpenc@posthook=\toks47
)
(/usr/share/texlive/texmf-dist/tex/latex/graphics/epsfig.sty
Package: epsfig 2017/06/25 v1.7b (e)psfig emulation (SPQR)
\epsfxsize=\dimen286
\epsfysize=\dimen287
)
(/usr/share/texlive/texmf-dist/tex/latex/base/latexsym.sty
Package: latexsym 1998/08/17 v2.2e Standard LaTeX package (lasy symbols)
\symlasy=\mathgroup6
LaTeX Font Info:    Overwriting symbol font `lasy' in version `bold'
(Font)                  U/lasy/m/n --> U/lasy/b/n on input line 52.
)
(/usr/share/texlive/texmf-dist/tex/latex/tools/multicol.sty
Package: multicol 2019/12/09 v1.8y multicolumn formatting (FMi)
\c@tracingmulticols=\count318
\mult@box=\box74
\multicol@leftmargin=\dimen288
\c@unbalance=\count319
\c@collectmore=\count320
\doublecol@number=\count321
\multicoltolerance=\count322
\multicolpretolerance=\count323
\full@width=\dimen289
\page@free=\dimen290
\premulticols=\dimen291
\postmulticols=\dimen292
\multicolsep=\skip63
\multicolbaselineskip=\skip64
\partial@page=\box75
\last@line=\box76
\maxbalancingoverflow=\dimen293
\mult@rightbox=\box77
\mult@grightbox=\box78
\mult@gfirstbox=\box79
\mult@firstbox=\box80
\@tempa=\box81
\@tempa=\box82
\@tempa=\box83
\@tempa=\box84
\@tempa=\box85
\@tempa=\box86
\@tempa=\box87
\@tempa=\box88
\@tempa=\box89
\@tempa=\box90
\@tempa=\box91
\@tempa=\box92
\@tempa=\box93
\@tempa=\box94
\@tempa=\box95
\@tempa=\box96
\@tempa=\box97
\@tempa=\box98
\@tempa=\box99
\@tempa=\box100
\@tempa=\box101
\@tempa=\box102
\@tempa=\box103
\@tempa=\box104
\@tempa=\box105
\@tempa=\box106
\@tempa=\box107
\@tempa=\box108
\@tempa=\box109
\@tempa=\box110
\@tempa=\box111
\@tempa=\box112
\@tempa=\box113
\@tempa=\box114
\@tempa=\box115
\@tempa=\box116
\@tempa=\box117
\c@minrows=\count324
\c@columnbadness=\count325
\c@finalcolumnbadness=\count326
\last@try=\dimen294
\multicolovershoot=\dimen295
\multicolundershoot=\dimen296
\mult@nat@firstbox=\box118
\colbreak@box=\box119
\mc@col@check@num=\count327
)
(/usr/share/texlive/texmf-dist/tex/latex/psnfss/times.sty
Package: times 2005/04/12 PSNFSS-v9.2a (SPQR) 
)
(/usr/share/texlive/texmf-dist/tex/generic/babel/babel.sty
Package: babel 2020/02/14 3.40 The Babel package

(/usr/share/texlive/texmf-dist/tex/generic/babel/switch.def
File: switch.def 2020/02/14 3.40 Babel switching mechanism
)
(/usr/share/texlive/texmf-dist/tex/generic/babel-english/english.ldf
Language: english 2017/06/06 v3.3r English support from the babel system

(/usr/share/texlive/texmf-dist/tex/generic/babel/babel.def
File: babel.def 2020/02/14 3.40 Babel common definitions
\babel@savecnt=\count328
\U@D=\dimen297

(/usr/share/texlive/texmf-dist/tex/generic/babel/txtbabel.def)
\bbl@readstream=\read3
LaTeX Info: Redefining \textlatin on input line 2319.
\bbl@dirlevel=\count329
)
Package babel Info: \l@canadian = using hyphenrules for english
(babel)             (\language0) on input line 102.
Package babel Info: \l@australian = using hyphenrules for ukenglish
(babel)             (\language4) on input line 105.
Package babel Info: \l@newzealand = using hyphenrules for ukenglish
(babel)             (\language4) on input line 108.
))
(/usr/share/texlive/texmf-dist/tex/latex/listings/listings.sty
\lst@mode=\count330
\lst@gtempboxa=\box120
\lst@token=\toks48
\lst@length=\count331
\lst@currlwidth=\dimen298
\lst@column=\count332
\lst@pos=\count333
\lst@lostspace=\dimen299
\lst@width=\dimen300
\lst@newlines=\count334
\lst@lineno=\count335
\lst@maxwidth=\dimen301

(/usr/share/texlive/texmf-dist/tex/latex/listings/lstmisc.sty
File: lstmisc.sty 2019/09/10 1.8c (Carsten Heinz)
\c@lstnumber=\count336
\lst@skipnumbers=\count337
\lst@framebox=\box121
)
(/usr/share/texlive/texmf-dist/tex/latex/listings/listings.cfg
File: listings.cfg 2019/09/10 1.8c listings configuration
))
Package: listings 2019/09/10 1.8c (Carsten Heinz)

(/usr/share/texlive/texmf-dist/tex/latex/beamer/beamerthemesplit.sty
(/usr/share/texlive/texmf-dist/tex/latex/beamer/beamercolorthemewhale.sty)
(/usr/share/texlive/texmf-dist/tex/latex/beamer/beamerouterthemesplit.sty)
(/usr/share/texlive/texmf-dist/tex/latex/beamer/beamerfontthemestructurebold.st
y)) (/usr/share/texlive/texmf-dist/tex/latex/transparent/transparent.sty
Package: transparent 2019/11/29 v1.4 Transparency via pdfTeX's color stack (HO)

)
(/usr/share/texlive/texmf-dist/tex/latex/tcolorbox/tcolorbox.sty
Package: tcolorbox 2019/11/15 version 4.22 text color boxes

(/usr/share/texlive/texmf-dist/tex/latex/pgf/basiclayer/pgf.sty
Package: pgf 2020/01/08 v3.1.5b (3.1.5b)

(/usr/share/texlive/texmf-dist/tex/generic/pgf/modules/pgfmoduleshapes.code.tex
File: pgfmoduleshapes.code.tex 2020/01/08 v3.1.5b (3.1.5b)
\pgfnodeparttextbox=\box122
) (/usr/share/texlive/texmf-dist/tex/generic/pgf/modules/pgfmoduleplot.code.tex
File: pgfmoduleplot.code.tex 2020/01/08 v3.1.5b (3.1.5b)
)
(/usr/share/texlive/texmf-dist/tex/latex/pgf/compatibility/pgfcomp-version-0-65
.sty
Package: pgfcomp-version-0-65 2020/01/08 v3.1.5b (3.1.5b)
\pgf@nodesepstart=\dimen302
\pgf@nodesepend=\dimen303
)
(/usr/share/texlive/texmf-dist/tex/latex/pgf/compatibility/pgfcomp-version-1-18
.sty
Package: pgfcomp-version-1-18 2020/01/08 v3.1.5b (3.1.5b)
)) (/usr/share/texlive/texmf-dist/tex/latex/tools/verbatim.sty
Package: verbatim 2019/11/10 v1.5r LaTeX2e package for verbatim enhancements
\every@verbatim=\toks49
\verbatim@line=\toks50
\verbatim@in@stream=\read4
)
(/usr/share/texlive/texmf-dist/tex/latex/environ/environ.sty
Package: environ 2014/05/04 v0.3 A new way to define environments

(/usr/share/texlive/texmf-dist/tex/latex/trimspaces/trimspaces.sty
Package: trimspaces 2009/09/17 v1.1 Trim spaces around a token list
))
\tcb@titlebox=\box123
\tcb@upperbox=\box124
\tcb@lowerbox=\box125
\tcb@phantombox=\box126
\c@tcbbreakpart=\count338
\c@tcblayer=\count339
\tcolorbox@number=\count340
\tcb@temp=\box127
\tcb@temp=\box128
\tcb@temp=\box129
\tcb@temp=\box130
\tcb@out=\write5
\tcb@record@out=\write6
)
(/usr/share/texlive/texmf-dist/tex/latex/pgf/frontendlayer/tikz.sty
(/usr/share/texlive/texmf-dist/tex/latex/pgf/utilities/pgffor.sty
(/usr/share/texlive/texmf-dist/tex/latex/pgf/utilities/pgfkeys.sty
(/usr/share/texlive/texmf-dist/tex/generic/pgf/utilities/pgfkeys.code.tex))
(/usr/share/texlive/texmf-dist/tex/latex/pgf/math/pgfmath.sty
(/usr/share/texlive/texmf-dist/tex/generic/pgf/math/pgfmath.code.tex))
(/usr/share/texlive/texmf-dist/tex/generic/pgf/utilities/pgffor.code.tex
Package: pgffor 2020/01/08 v3.1.5b (3.1.5b)

(/usr/share/texlive/texmf-dist/tex/generic/pgf/math/pgfmath.code.tex)
\pgffor@iter=\dimen304
\pgffor@skip=\dimen305
\pgffor@stack=\toks51
\pgffor@toks=\toks52
))
(/usr/share/texlive/texmf-dist/tex/generic/pgf/frontendlayer/tikz/tikz.code.tex
Package: tikz 2020/01/08 v3.1.5b (3.1.5b)

(/usr/share/texlive/texmf-dist/tex/generic/pgf/libraries/pgflibraryplothandlers
.code.tex
File: pgflibraryplothandlers.code.tex 2020/01/08 v3.1.5b (3.1.5b)
\pgf@plot@mark@count=\count341
\pgfplotmarksize=\dimen306
)
\tikz@lastx=\dimen307
\tikz@lasty=\dimen308
\tikz@lastxsaved=\dimen309
\tikz@lastysaved=\dimen310
\tikz@lastmovetox=\dimen311
\tikz@lastmovetoy=\dimen312
\tikzleveldistance=\dimen313
\tikzsiblingdistance=\dimen314
\tikz@figbox=\box131
\tikz@figbox@bg=\box132
\tikz@tempbox=\box133
\tikz@tempbox@bg=\box134
\tikztreelevel=\count342
\tikznumberofchildren=\count343
\tikznumberofcurrentchild=\count344
\tikz@fig@count=\count345

(/usr/share/texlive/texmf-dist/tex/generic/pgf/modules/pgfmodulematrix.code.tex
File: pgfmodulematrix.code.tex 2020/01/08 v3.1.5b (3.1.5b)
\pgfmatrixcurrentrow=\count346
\pgfmatrixcurrentcolumn=\count347
\pgf@matrix@numberofcolumns=\count348
)
\tikz@expandcount=\count349

(/usr/share/texlive/texmf-dist/tex/generic/pgf/frontendlayer/tikz/libraries/tik
zlibrarytopaths.code.tex
File: tikzlibrarytopaths.code.tex 2020/01/08 v3.1.5b (3.1.5b)
)))
(/usr/share/texlive/texmf-dist/tex/generic/pgf/frontendlayer/tikz/libraries/tik
zlibraryshapes.code.tex
File: tikzlibraryshapes.code.tex 2020/01/08 v3.1.5b (3.1.5b)

(/usr/share/texlive/texmf-dist/tex/generic/pgf/frontendlayer/tikz/libraries/tik
zlibraryshapes.geometric.code.tex
File: tikzlibraryshapes.geometric.code.tex 2020/01/08 v3.1.5b (3.1.5b)

(/usr/share/texlive/texmf-dist/tex/generic/pgf/libraries/shapes/pgflibraryshape
s.geometric.code.tex
File: pgflibraryshapes.geometric.code.tex 2020/01/08 v3.1.5b (3.1.5b)
))
(/usr/share/texlive/texmf-dist/tex/generic/pgf/frontendlayer/tikz/libraries/tik
zlibraryshapes.misc.code.tex
File: tikzlibraryshapes.misc.code.tex 2020/01/08 v3.1.5b (3.1.5b)

(/usr/share/texlive/texmf-dist/tex/generic/pgf/libraries/shapes/pgflibraryshape
s.misc.code.tex
File: pgflibraryshapes.misc.code.tex 2020/01/08 v3.1.5b (3.1.5b)
))
(/usr/share/texlive/texmf-dist/tex/generic/pgf/frontendlayer/tikz/libraries/tik
zlibraryshapes.symbols.code.tex
File: tikzlibraryshapes.symbols.code.tex 2020/01/08 v3.1.5b (3.1.5b)

(/usr/share/texlive/texmf-dist/tex/generic/pgf/libraries/shapes/pgflibraryshape
s.symbols.code.tex
File: pgflibraryshapes.symbols.code.tex 2020/01/08 v3.1.5b (3.1.5b)
))
(/usr/share/texlive/texmf-dist/tex/generic/pgf/frontendlayer/tikz/libraries/tik
zlibraryshapes.arrows.code.tex
File: tikzlibraryshapes.arrows.code.tex 2020/01/08 v3.1.5b (3.1.5b)

(/usr/share/texlive/texmf-dist/tex/generic/pgf/libraries/shapes/pgflibraryshape
s.arrows.code.tex
File: pgflibraryshapes.arrows.code.tex 2020/01/08 v3.1.5b (3.1.5b)
))
(/usr/share/texlive/texmf-dist/tex/generic/pgf/frontendlayer/tikz/libraries/tik
zlibraryshapes.callouts.code.tex
(/usr/share/texlive/texmf-dist/tex/generic/pgf/libraries/shapes/pgflibraryshape
s.callouts.code.tex))
(/usr/share/texlive/texmf-dist/tex/generic/pgf/frontendlayer/tikz/libraries/tik
zlibraryshapes.multipart.code.tex
File: tikzlibraryshapes.multipart.code.tex 2020/01/08 v3.1.5b (3.1.5b)

(/usr/share/texlive/texmf-dist/tex/generic/pgf/libraries/shapes/pgflibraryshape
s.multipart.code.tex
File: pgflibraryshapes.multipart.code.tex 2020/01/08 v3.1.5b (3.1.5b)
\pgfnodepartlowerbox=\box135
\pgfnodeparttwobox=\box136
\pgfnodepartthreebox=\box137
\pgfnodepartfourbox=\box138
\pgfnodeparttwentybox=\box139
\pgfnodepartnineteenbox=\box140
\pgfnodeparteighteenbox=\box141
\pgfnodepartseventeenbox=\box142
\pgfnodepartsixteenbox=\box143
\pgfnodepartfifteenbox=\box144
\pgfnodepartfourteenbox=\box145
\pgfnodepartthirteenbox=\box146
\pgfnodeparttwelvebox=\box147
\pgfnodepartelevenbox=\box148
\pgfnodeparttenbox=\box149
\pgfnodepartninebox=\box150
\pgfnodeparteightbox=\box151
\pgfnodepartsevenbox=\box152
\pgfnodepartsixbox=\box153
\pgfnodepartfivebox=\box154
)))
(/usr/share/texlive/texmf-dist/tex/generic/pgf/frontendlayer/tikz/libraries/tik
zlibraryarrows.code.tex
File: tikzlibraryarrows.code.tex 2020/01/08 v3.1.5b (3.1.5b)

(/usr/share/texlive/texmf-dist/tex/generic/pgf/libraries/pgflibraryarrows.code.
tex
File: pgflibraryarrows.code.tex 2020/01/08 v3.1.5b (3.1.5b)
\arrowsize=\dimen315
))

Package hyperref Warning: Token not allowed in a PDF string (PDFDocEncoding):
(hyperref)                removing `\\' on input line 176.

(/usr/share/texlive/texmf-dist/tex/latex/psnfss/t1phv.fd
File: t1phv.fd 2001/06/04 scalable font definitions for T1/phv.
)
(/usr/share/texlive/texmf-dist/tex/latex/l3backend/l3backend-pdfmode.def
File: l3backend-pdfmode.def 2020-02-03 L3 backend support: PDF mode
\l__kernel_color_stack_int=\count350
\l__pdf_internal_box=\box155
)
(./ShapeOptimizationROMSCO.aux)
\openout1 = `ShapeOptimizationROMSCO.aux'.

LaTeX Font Info:    Checking defaults for OML/cmm/m/it on input line 183.
LaTeX Font Info:    ... okay on input line 183.
LaTeX Font Info:    Checking defaults for OMS/cmsy/m/n on input line 183.
LaTeX Font Info:    ... okay on input line 183.
LaTeX Font Info:    Checking defaults for OT1/cmr/m/n on input line 183.
LaTeX Font Info:    ... okay on input line 183.
LaTeX Font Info:    Checking defaults for T1/cmr/m/n on input line 183.
LaTeX Font Info:    ... okay on input line 183.
LaTeX Font Info:    Checking defaults for TS1/cmr/m/n on input line 183.
LaTeX Font Info:    ... okay on input line 183.
LaTeX Font Info:    Checking defaults for OMX/cmex/m/n on input line 183.
LaTeX Font Info:    ... okay on input line 183.
LaTeX Font Info:    Checking defaults for U/cmr/m/n on input line 183.
LaTeX Font Info:    ... okay on input line 183.
LaTeX Font Info:    Checking defaults for PD1/pdf/m/n on input line 183.
LaTeX Font Info:    ... okay on input line 183.
 ABD: EveryShipout initializing macros
*geometry* driver: auto-detecting
*geometry* detected driver: pdftex
*geometry* verbose mode - [ preamble ] result:
* driver: pdftex
* paper: custom
* layout: <same size as paper>
* layoutoffset:(h,v)=(0.0pt,0.0pt)
* modes: includehead includefoot 
* h-part:(L,W,R)=(28.45274pt, 307.28987pt, 28.45274pt)
* v-part:(T,H,B)=(0.0pt, 273.14662pt, 0.0pt)
* \paperwidth=364.19536pt
* \paperheight=273.14662pt
* \textwidth=307.28987pt
* \textheight=244.6939pt
* \oddsidemargin=-43.81725pt
* \evensidemargin=-43.81725pt
* \topmargin=-72.26999pt
* \headheight=14.22636pt
* \headsep=0.0pt
* \topskip=9.0pt
* \footskip=14.22636pt
* \marginparwidth=4.0pt
* \marginparsep=10.0pt
* \columnsep=10.0pt
* \skip\footins=7.0pt plus 4.0pt minus 2.0pt
* \hoffset=0.0pt
* \voffset=0.0pt
* \mag=1000
* \@twocolumnfalse
* \@twosidefalse
* \@mparswitchfalse
* \@reversemarginfalse
* (1in=72.27pt=25.4mm, 1cm=28.453pt)

(/usr/share/texlive/texmf-dist/tex/context/base/mkii/supp-pdf.mkii
[Loading MPS to PDF converter (version 2006.09.02).]
\scratchcounter=\count351
\scratchdimen=\dimen316
\scratchbox=\box156
\nofMPsegments=\count352
\nofMParguments=\count353
\everyMPshowfont=\toks53
\MPscratchCnt=\count354
\MPscratchDim=\dimen317
\MPnumerator=\count355
\makeMPintoPDFobject=\count356
\everyMPtoPDFconversion=\toks54
) (/usr/share/texlive/texmf-dist/tex/latex/epstopdf-pkg/epstopdf-base.sty
Package: epstopdf-base 2020-01-24 v2.11 Base part for package epstopdf
Package epstopdf-base Info: Redefining graphics rule for `.eps' on input line 4
85.

(/usr/share/texlive/texmf-dist/tex/latex/latexconfig/epstopdf-sys.cfg
File: epstopdf-sys.cfg 2010/07/13 v1.3 Configuration of (r)epstopdf for TeX Liv
e
))
\AtBeginShipoutBox=\box157
Package hyperref Info: Link coloring OFF on input line 183.

(/usr/share/texlive/texmf-dist/tex/latex/hyperref/nameref.sty
Package: nameref 2019/09/16 v2.46 Cross-referencing by name of section

(/usr/share/texlive/texmf-dist/tex/latex/refcount/refcount.sty
Package: refcount 2019/12/15 v3.6 Data extraction from label references (HO)
)
(/usr/share/texlive/texmf-dist/tex/generic/gettitlestring/gettitlestring.sty
Package: gettitlestring 2019/12/15 v1.6 Cleanup title references (HO)
)
\c@section@level=\count357
)
LaTeX Info: Redefining \ref on input line 183.
LaTeX Info: Redefining \pageref on input line 183.
LaTeX Info: Redefining \nameref on input line 183.

(./ShapeOptimizationROMSCO.out) (./ShapeOptimizationROMSCO.out)
\@outlinefile=\write7
\openout7 = `ShapeOptimizationROMSCO.out'.

LaTeX Font Info:    Overwriting symbol font `operators' in version `normal'
(Font)                  OT1/cmr/m/n --> OT1/cmss/m/n on input line 183.
LaTeX Font Info:    Overwriting symbol font `operators' in version `bold'
(Font)                  OT1/cmr/bx/n --> OT1/cmss/b/n on input line 183.
\symnumbers=\mathgroup7
\sympureletters=\mathgroup8
LaTeX Font Info:    Overwriting math alphabet `\mathrm' in version `normal'
(Font)                  OT1/cmss/m/n --> T1/ptm/m/n on input line 183.
LaTeX Font Info:    Redeclaring math alphabet \mathbf on input line 183.
LaTeX Font Info:    Overwriting math alphabet `\mathbf' in version `normal'
(Font)                  OT1/cmr/bx/n --> T1/phv/b/n on input line 183.
LaTeX Font Info:    Overwriting math alphabet `\mathbf' in version `bold'
(Font)                  OT1/cmr/bx/n --> T1/phv/b/n on input line 183.
LaTeX Font Info:    Redeclaring math alphabet \mathsf on input line 183.
LaTeX Font Info:    Overwriting math alphabet `\mathsf' in version `normal'
(Font)                  OT1/cmss/m/n --> T1/phv/m/n on input line 183.
LaTeX Font Info:    Overwriting math alphabet `\mathsf' in version `bold'
(Font)                  OT1/cmss/bx/n --> T1/phv/m/n on input line 183.
LaTeX Font Info:    Redeclaring math alphabet \mathit on input line 183.
LaTeX Font Info:    Overwriting math alphabet `\mathit' in version `normal'
(Font)                  OT1/cmr/m/it --> T1/phv/m/it on input line 183.
LaTeX Font Info:    Overwriting math alphabet `\mathit' in version `bold'
(Font)                  OT1/cmr/bx/it --> T1/phv/m/it on input line 183.
LaTeX Font Info:    Redeclaring math alphabet \mathtt on input line 183.
LaTeX Font Info:    Overwriting math alphabet `\mathtt' in version `normal'
(Font)                  OT1/cmtt/m/n --> T1/pcr/m/n on input line 183.
LaTeX Font Info:    Overwriting math alphabet `\mathtt' in version `bold'
(Font)                  OT1/cmtt/m/n --> T1/pcr/m/n on input line 183.
LaTeX Font Info:    Overwriting symbol font `numbers' in version `bold'
(Font)                  T1/phv/m/n --> T1/phv/b/n on input line 183.
LaTeX Font Info:    Overwriting symbol font `pureletters' in version `bold'
(Font)                  T1/phv/m/it --> T1/phv/b/it on input line 183.
LaTeX Font Info:    Overwriting math alphabet `\mathrm' in version `bold'
(Font)                  OT1/cmss/b/n --> T1/ptm/b/n on input line 183.
LaTeX Font Info:    Overwriting math alphabet `\mathbf' in version `bold'
(Font)                  T1/phv/b/n --> T1/phv/b/n on input line 183.
LaTeX Font Info:    Overwriting math alphabet `\mathsf' in version `bold'
(Font)                  T1/phv/m/n --> T1/phv/b/n on input line 183.
LaTeX Font Info:    Overwriting math alphabet `\mathit' in version `bold'
(Font)                  T1/phv/m/it --> T1/phv/b/it on input line 183.
LaTeX Font Info:    Overwriting math alphabet `\mathtt' in version `bold'
(Font)                  T1/pcr/m/n --> T1/pcr/b/n on input line 183.

(/usr/share/texlive/texmf-dist/tex/latex/translator/translator-basic-dictionary
-English.dict
Dictionary: translator-basic-dictionary, Language: English 
)
(/usr/share/texlive/texmf-dist/tex/latex/translator/translator-bibliography-dic
tionary-English.dict
Dictionary: translator-bibliography-dictionary, Language: English 
)
(/usr/share/texlive/texmf-dist/tex/latex/translator/translator-environment-dict
ionary-English.dict
Dictionary: translator-environment-dictionary, Language: English 
)
(/usr/share/texlive/texmf-dist/tex/latex/translator/translator-months-dictionar
y-English.dict
Dictionary: translator-months-dictionary, Language: English 
)
(/usr/share/texlive/texmf-dist/tex/latex/translator/translator-numbers-dictiona
ry-English.dict
Dictionary: translator-numbers-dictionary, Language: English 
)
(/usr/share/texlive/texmf-dist/tex/latex/translator/translator-theorem-dictiona
ry-English.dict
Dictionary: translator-theorem-dictionary, Language: English 
) (/usr/share/texlive/texmf-dist/tex/latex/ucs/ucsencs.def
File: ucsencs.def 2011/01/21 Fixes to fontencodings LGR, T3
)
\c@lstlisting=\count358

(./ShapeOptimizationROMSCO.nav)
<FlowShapeDS4.png, id=13, 1420.30624pt x 792.9625pt>
File: FlowShapeDS4.png Graphic file (type png)
<use FlowShapeDS4.png>
Package pdftex.def Info: FlowShapeDS4.png  used on input line 208.
(pdftex.def)             Requested size: 368.57744pt x 205.7782pt.

Overfull \hbox (6.07808pt too wide) has occurred while \output is active
 [] [][] 
 []

<wiaslogo-2010.pdf, id=15, 114.4275pt x 114.4275pt>
File: wiaslogo-2010.pdf Graphic file (type pdf)
<use wiaslogo-2010.pdf>
Package pdftex.def Info: wiaslogo-2010.pdf  used on input line 208.
(pdftex.def)             Requested size: 10.18452pt x 10.18452pt.
<husiegel.jpg, id=16, 131.49126pt x 132.495pt>
File: husiegel.jpg Graphic file (type jpg)
<use husiegel.jpg>
Package pdftex.def Info: husiegel.jpg  used on input line 208.
(pdftex.def)             Requested size: 11.70328pt x 11.79262pt.
<HU.jpg, id=17, 301.125pt x 118.4425pt>
File: HU.jpg Graphic file (type jpg)
<use HU.jpg>
Package pdftex.def Info: HU.jpg  used on input line 208.
(pdftex.def)             Requested size: 30.11426pt x 11.84494pt.
<logoMathTec.png, id=18, 181.99379pt x 79.65526pt>
File: logoMathTec.png Graphic file (type png)
<use logoMathTec.png>
Package pdftex.def Info: logoMathTec.png  used on input line 208.
(pdftex.def)             Requested size: 27.29788pt x 11.94777pt.
[1{/var/lib/texmf/fonts/map/pdftex/updmap/pdftex.map}

 <./FlowShapeDS4.png> <./wiaslogo-2010.pdf> <./husiegel.jpg> <./HU.jpg> <./logo
MathTec.png>]
LaTeX Font Info:    Trying to load font information for U+msa on input line 240
.

(/usr/share/texlive/texmf-dist/tex/latex/amsfonts/umsa.fd
File: umsa.fd 2013/01/14 v3.01 AMS symbols A
)
LaTeX Font Info:    Trying to load font information for U+msb on input line 240
.

(/usr/share/texlive/texmf-dist/tex/latex/amsfonts/umsb.fd
File: umsb.fd 2013/01/14 v3.01 AMS symbols B
)
LaTeX Font Info:    Trying to load font information for U+lasy on input line 24
0.

(/usr/share/texlive/texmf-dist/tex/latex/base/ulasy.fd
File: ulasy.fd 1998/08/17 v2.2e LaTeX symbol font definitions
)
LaTeX Font Info:    Font shape `T1/phv/m/it' in size <7> not available
(Font)              Font shape `T1/phv/m/sl' tried instead on input line 240.
LaTeX Font Info:    Font shape `T1/phv/m/it' in size <5> not available
(Font)              Font shape `T1/phv/m/sl' tried instead on input line 240.
File: wiaslogo-2010.pdf Graphic file (type pdf)
<use wiaslogo-2010.pdf>
Package pdftex.def Info: wiaslogo-2010.pdf  used on input line 240.
(pdftex.def)             Requested size: 51.4919pt x 51.4919pt.
File: wiaslogo-2010.pdf Graphic file (type pdf)
<use wiaslogo-2010.pdf>
Package pdftex.def Info: wiaslogo-2010.pdf  used on input line 240.
(pdftex.def)             Requested size: 10.18452pt x 10.18452pt.
File: husiegel.jpg Graphic file (type jpg)
<use husiegel.jpg>
Package pdftex.def Info: husiegel.jpg  used on input line 240.
(pdftex.def)             Requested size: 11.70328pt x 11.79262pt.
File: HU.jpg Graphic file (type jpg)
<use HU.jpg>
Package pdftex.def Info: HU.jpg  used on input line 240.
(pdftex.def)             Requested size: 30.11426pt x 11.84494pt.
File: logoMathTec.png Graphic file (type png)
<use logoMathTec.png>
Package pdftex.def Info: logoMathTec.png  used on input line 240.
(pdftex.def)             Requested size: 27.29788pt x 11.94777pt.
 [2

]
LaTeX Font Info:    Font shape `T1/phv/m/it' in size <10.95> not available
(Font)              Font shape `T1/phv/m/sl' tried instead on input line 389.
LaTeX Font Info:    Font shape `T1/phv/m/it' in size <8> not available
(Font)              Font shape `T1/phv/m/sl' tried instead on input line 389.
LaTeX Font Info:    Font shape `T1/phv/m/it' in size <6> not available
(Font)              Font shape `T1/phv/m/sl' tried instead on input line 389.

Overfull \hbox (20.71019pt too wide) in paragraph at lines 389--389
[][] 
 []

File: wiaslogo-2010.pdf Graphic file (type pdf)
<use wiaslogo-2010.pdf>
Package pdftex.def Info: wiaslogo-2010.pdf  used on input line 389.
(pdftex.def)             Requested size: 10.18452pt x 10.18452pt.
File: husiegel.jpg Graphic file (type jpg)
<use husiegel.jpg>
Package pdftex.def Info: husiegel.jpg  used on input line 389.
(pdftex.def)             Requested size: 11.70328pt x 11.79262pt.
File: HU.jpg Graphic file (type jpg)
<use HU.jpg>
Package pdftex.def Info: HU.jpg  used on input line 389.
(pdftex.def)             Requested size: 30.11426pt x 11.84494pt.
File: logoMathTec.png Graphic file (type png)
<use logoMathTec.png>
Package pdftex.def Info: logoMathTec.png  used on input line 389.
(pdftex.def)             Requested size: 27.29788pt x 11.94777pt.
[3

]
File: logoMathTec.png Graphic file (type png)
<use logoMathTec.png>
Package pdftex.def Info: logoMathTec.png  used on input line 417.
(pdftex.def)             Requested size: 45.49832pt x 19.91376pt.
File: wiaslogo-2010.pdf Graphic file (type pdf)
<use wiaslogo-2010.pdf>
Package pdftex.def Info: wiaslogo-2010.pdf  used on input line 417.
(pdftex.def)             Requested size: 10.18452pt x 10.18452pt.
File: husiegel.jpg Graphic file (type jpg)
<use husiegel.jpg>
Package pdftex.def Info: husiegel.jpg  used on input line 417.
(pdftex.def)             Requested size: 11.70328pt x 11.79262pt.
File: HU.jpg Graphic file (type jpg)
<use HU.jpg>
Package pdftex.def Info: HU.jpg  used on input line 417.
(pdftex.def)             Requested size: 30.11426pt x 11.84494pt.
File: logoMathTec.png Graphic file (type png)
<use logoMathTec.png>
Package pdftex.def Info: logoMathTec.png  used on input line 417.
(pdftex.def)             Requested size: 27.29788pt x 11.94777pt.
 [4

]
File: wiaslogo-2010.pdf Graphic file (type pdf)
<use wiaslogo-2010.pdf>
Package pdftex.def Info: wiaslogo-2010.pdf  used on input line 422.
(pdftex.def)             Requested size: 10.18452pt x 10.18452pt.
File: husiegel.jpg Graphic file (type jpg)
<use husiegel.jpg>
Package pdftex.def Info: husiegel.jpg  used on input line 422.
(pdftex.def)             Requested size: 11.70328pt x 11.79262pt.
File: HU.jpg Graphic file (type jpg)
<use HU.jpg>
Package pdftex.def Info: HU.jpg  used on input line 422.
(pdftex.def)             Requested size: 30.11426pt x 11.84494pt.
File: logoMathTec.png Graphic file (type png)
<use logoMathTec.png>
Package pdftex.def Info: logoMathTec.png  used on input line 422.
(pdftex.def)             Requested size: 27.29788pt x 11.94777pt.
 [5

]

LaTeX Font Warning: Font shape `OT1/cmss/b/n' undefined
(Font)              using `OT1/cmss/m/n' instead on input line 454.

LaTeX Font Info:    Font shape `U/lasy/b/n' in size <8> not available
(Font)              Font shape `U/lasy/m/n' tried instead on input line 454.
LaTeX Font Info:    Font shape `U/lasy/b/n' in size <6> not available
(Font)              Font shape `U/lasy/m/n' tried instead on input line 454.
LaTeX Font Info:    Font shape `U/lasy/b/n' in size <5> not available
(Font)              Font shape `U/lasy/m/n' tried instead on input line 454.
LaTeX Font Info:    Font shape `T1/phv/b/it' in size <8> not available
(Font)              Font shape `T1/phv/b/sl' tried instead on input line 454.
LaTeX Font Info:    Font shape `T1/phv/b/it' in size <6> not available
(Font)              Font shape `T1/phv/b/sl' tried instead on input line 454.
LaTeX Font Info:    Font shape `T1/phv/b/it' in size <5> not available
(Font)              Font shape `T1/phv/b/sl' tried instead on input line 454.

Overfull \hbox (4.77232pt too wide) in alignment at lines 454--454
 [][][] []
 []

<geometrie_skizze_simple.png, id=51, 273.14645pt x 244.6937pt>
File: geometrie_skizze_simple.png Graphic file (type png)
<use geometrie_skizze_simple.png>
Package pdftex.def Info: geometrie_skizze_simple.png  used on input line 454.
(pdftex.def)             Requested size: 95.60268pt x 85.64407pt.
<TorusPrimal150.png, id=52, 1267.73625pt x 792.9625pt>
File: TorusPrimal150.png Graphic file (type png)
<use TorusPrimal150.png>
Package pdftex.def Info: TorusPrimal150.png  used on input line 454.
(pdftex.def)             Requested size: 126.78105pt x 79.30089pt.
File: wiaslogo-2010.pdf Graphic file (type pdf)
<use wiaslogo-2010.pdf>
Package pdftex.def Info: wiaslogo-2010.pdf  used on input line 454.
(pdftex.def)             Requested size: 10.18452pt x 10.18452pt.
File: husiegel.jpg Graphic file (type jpg)
<use husiegel.jpg>
Package pdftex.def Info: husiegel.jpg  used on input line 454.
(pdftex.def)             Requested size: 11.70328pt x 11.79262pt.
File: HU.jpg Graphic file (type jpg)
<use HU.jpg>
Package pdftex.def Info: HU.jpg  used on input line 454.
(pdftex.def)             Requested size: 30.11426pt x 11.84494pt.
File: logoMathTec.png Graphic file (type png)
<use logoMathTec.png>
Package pdftex.def Info: logoMathTec.png  used on input line 454.
(pdftex.def)             Requested size: 27.29788pt x 11.94777pt.
[6

 <./geometrie_skizze_simple.png (PNG copy)> <./TorusPrimal150.png (PNG copy)>]
<geometrie_skizze_simple3.png, id=68, 242.13295pt x 213.11115pt>
File: geometrie_skizze_simple3.png Graphic file (type png)
<use geometrie_skizze_simple3.png>
Package pdftex.def Info: geometrie_skizze_simple3.png  used on input line 507.
(pdftex.def)             Requested size: 96.85146pt x 85.24294pt.

Overfull \hbox (11.4932pt too wide) in paragraph at lines 507--507
 [] 
 []

File: wiaslogo-2010.pdf Graphic file (type pdf)
<use wiaslogo-2010.pdf>
Package pdftex.def Info: wiaslogo-2010.pdf  used on input line 507.
(pdftex.def)             Requested size: 10.18452pt x 10.18452pt.
File: husiegel.jpg Graphic file (type jpg)
<use husiegel.jpg>
Package pdftex.def Info: husiegel.jpg  used on input line 507.
(pdftex.def)             Requested size: 11.70328pt x 11.79262pt.
File: HU.jpg Graphic file (type jpg)
<use HU.jpg>
Package pdftex.def Info: HU.jpg  used on input line 507.
(pdftex.def)             Requested size: 30.11426pt x 11.84494pt.
File: logoMathTec.png Graphic file (type png)
<use logoMathTec.png>
Package pdftex.def Info: logoMathTec.png  used on input line 507.
(pdftex.def)             Requested size: 27.29788pt x 11.94777pt.
[7

 <./geometrie_skizze_simple3.png (PNG copy)>]
Underfull \hbox (badness 10000) in paragraph at lines 551--551

 []


Underfull \hbox (badness 10000) in paragraph at lines 551--551

 []


Overfull \hbox (7.7665pt too wide) detected at line 551
[][]\OML/cmm/m/it/8 @\OMS/cmsy/m/n/8 J[] [] \OT1/cmss/b/n/8 = [][] [] \T1/phv/m
/sl/8 V \OMS/cmsy/m/n/8 ^^A []\OML/cmm/m/it/8 :   []
 []


Underfull \hbox (badness 10000) in paragraph at lines 551--551

 []


Underfull \hbox (badness 10000) in paragraph at lines 551--551

 []


Overfull \hbox (5.60878pt too wide) detected at line 551
[][]\T1/phv/m/sl/8 D\OMS/cmsy/m/n/8 J[] [] \OT1/cmss/b/n/8 = [] \OMS/cmsy/m/n/8
 j[]\OML/cmm/m/it/8 :   []
 []


Overfull \hbox (5.69043pt too wide) in paragraph at lines 551--551
[] 
 []

File: wiaslogo-2010.pdf Graphic file (type pdf)
<use wiaslogo-2010.pdf>
Package pdftex.def Info: wiaslogo-2010.pdf  used on input line 551.
(pdftex.def)             Requested size: 10.18452pt x 10.18452pt.
File: husiegel.jpg Graphic file (type jpg)
<use husiegel.jpg>
Package pdftex.def Info: husiegel.jpg  used on input line 551.
(pdftex.def)             Requested size: 11.70328pt x 11.79262pt.
File: HU.jpg Graphic file (type jpg)
<use HU.jpg>
Package pdftex.def Info: HU.jpg  used on input line 551.
(pdftex.def)             Requested size: 30.11426pt x 11.84494pt.
File: logoMathTec.png Graphic file (type png)
<use logoMathTec.png>
Package pdftex.def Info: logoMathTec.png  used on input line 551.
(pdftex.def)             Requested size: 27.29788pt x 11.94777pt.
[8

]
File: TorusPrimal150.png Graphic file (type png)
<use TorusPrimal150.png>
Package pdftex.def Info: TorusPrimal150.png  used on input line 585.
(pdftex.def)             Requested size: 139.45142pt x 87.22614pt.
<TorusAdjUnif150.png, id=94, 1266.7325pt x 792.9625pt>
File: TorusAdjUnif150.png Graphic file (type png)
<use TorusAdjUnif150.png>
Package pdftex.def Info: TorusAdjUnif150.png  used on input line 585.
(pdftex.def)             Requested size: 139.341pt x 87.22614pt.
<TorusAdjPress150.png, id=95, 1267.73625pt x 792.9625pt>
File: TorusAdjPress150.png Graphic file (type png)
<use TorusAdjPress150.png>
Package pdftex.def Info: TorusAdjPress150.png  used on input line 585.
(pdftex.def)             Requested size: 139.45142pt x 87.22614pt.

Overfull \vbox (4.79129pt too high) detected at line 585
 []

File: wiaslogo-2010.pdf Graphic file (type pdf)
<use wiaslogo-2010.pdf>
Package pdftex.def Info: wiaslogo-2010.pdf  used on input line 585.
(pdftex.def)             Requested size: 10.18452pt x 10.18452pt.
File: husiegel.jpg Graphic file (type jpg)
<use husiegel.jpg>
Package pdftex.def Info: husiegel.jpg  used on input line 585.
(pdftex.def)             Requested size: 11.70328pt x 11.79262pt.
File: HU.jpg Graphic file (type jpg)
<use HU.jpg>
Package pdftex.def Info: HU.jpg  used on input line 585.
(pdftex.def)             Requested size: 30.11426pt x 11.84494pt.
File: logoMathTec.png Graphic file (type png)
<use logoMathTec.png>
Package pdftex.def Info: logoMathTec.png  used on input line 585.
(pdftex.def)             Requested size: 27.29788pt x 11.94777pt.
[9

 <./TorusAdjUnif150.png (PNG copy)> <./TorusAdjPress150.png (PNG copy)>]
Overfull \hbox (5.24466pt too wide) in paragraph at lines 625--625
[][]  
 []

File: wiaslogo-2010.pdf Graphic file (type pdf)
<use wiaslogo-2010.pdf>
Package pdftex.def Info: wiaslogo-2010.pdf  used on input line 625.
(pdftex.def)             Requested size: 10.18452pt x 10.18452pt.
File: husiegel.jpg Graphic file (type jpg)
<use husiegel.jpg>
Package pdftex.def Info: husiegel.jpg  used on input line 625.
(pdftex.def)             Requested size: 11.70328pt x 11.79262pt.
File: HU.jpg Graphic file (type jpg)
<use HU.jpg>
Package pdftex.def Info: HU.jpg  used on input line 625.
(pdftex.def)             Requested size: 30.11426pt x 11.84494pt.
File: logoMathTec.png Graphic file (type png)
<use logoMathTec.png>
Package pdftex.def Info: logoMathTec.png  used on input line 625.
(pdftex.def)             Requested size: 27.29788pt x 11.94777pt.
[10

]
Overfull \hbox (5.24466pt too wide) in paragraph at lines 668--668
[][]  
 []

File: wiaslogo-2010.pdf Graphic file (type pdf)
<use wiaslogo-2010.pdf>
Package pdftex.def Info: wiaslogo-2010.pdf  used on input line 668.
(pdftex.def)             Requested size: 10.18452pt x 10.18452pt.
File: husiegel.jpg Graphic file (type jpg)
<use husiegel.jpg>
Package pdftex.def Info: husiegel.jpg  used on input line 668.
(pdftex.def)             Requested size: 11.70328pt x 11.79262pt.
File: HU.jpg Graphic file (type jpg)
<use HU.jpg>
Package pdftex.def Info: HU.jpg  used on input line 668.
(pdftex.def)             Requested size: 30.11426pt x 11.84494pt.
File: logoMathTec.png Graphic file (type png)
<use logoMathTec.png>
Package pdftex.def Info: logoMathTec.png  used on input line 668.
(pdftex.def)             Requested size: 27.29788pt x 11.94777pt.
[11

]
<geometrie_skizze_stl.png, id=112, 569.33965pt x 569.33965pt>
File: geometrie_skizze_stl.png Graphic file (type png)
<use geometrie_skizze_stl.png>
Package pdftex.def Info: geometrie_skizze_stl.png  used on input line 749.
(pdftex.def)             Requested size: 113.8659pt x 113.8659pt.
<darstellung_bauraum.png, id=113, 1092.08pt x 773.89125pt>
File: darstellung_bauraum.png Graphic file (type png)
<use darstellung_bauraum.png>
Package pdftex.def Info: darstellung_bauraum.png  used on input line 749.
(pdftex.def)             Requested size: 141.97537pt x 100.60939pt.
<distanz_bauraum.png, id=114, 1239.63126pt x 794.97pt>
File: distanz_bauraum.png Graphic file (type png)
<use distanz_bauraum.png>
Package pdftex.def Info: distanz_bauraum.png  used on input line 749.
(pdftex.def)             Requested size: 142.56406pt x 91.42569pt.

Overfull \hbox (28.75304pt too wide) in paragraph at lines 749--749
[][] 
 []


Overfull \vbox (4.63062pt too high) detected at line 749
 []

File: wiaslogo-2010.pdf Graphic file (type pdf)
<use wiaslogo-2010.pdf>
Package pdftex.def Info: wiaslogo-2010.pdf  used on input line 749.
(pdftex.def)             Requested size: 10.18452pt x 10.18452pt.
File: husiegel.jpg Graphic file (type jpg)
<use husiegel.jpg>
Package pdftex.def Info: husiegel.jpg  used on input line 749.
(pdftex.def)             Requested size: 11.70328pt x 11.79262pt.
File: HU.jpg Graphic file (type jpg)
<use HU.jpg>
Package pdftex.def Info: HU.jpg  used on input line 749.
(pdftex.def)             Requested size: 30.11426pt x 11.84494pt.
File: logoMathTec.png Graphic file (type png)
<use logoMathTec.png>
Package pdftex.def Info: logoMathTec.png  used on input line 749.
(pdftex.def)             Requested size: 27.29788pt x 11.94777pt.
[12

 <./geometrie_skizze_stl.png

pdfTeX warning: /usr/bin/pdflatex (file ./geometrie_skizze_stl.png): large inte
rlaced PNG might cause out of memory (use non-interlaced PNG to fix this)
> <./darstellung_bauraum.png (PNG copy)> <./distanz_bauraum.png (PNG copy)>]
Overfull \hbox (5.69043pt too wide) in paragraph at lines 779--779
[] 
 []


Overfull \hbox (5.69043pt too wide) in paragraph at lines 779--779
[] 
 []

File: wiaslogo-2010.pdf Graphic file (type pdf)
<use wiaslogo-2010.pdf>
Package pdftex.def Info: wiaslogo-2010.pdf  used on input line 779.
(pdftex.def)             Requested size: 10.18452pt x 10.18452pt.
File: husiegel.jpg Graphic file (type jpg)
<use husiegel.jpg>
Package pdftex.def Info: husiegel.jpg  used on input line 779.
(pdftex.def)             Requested size: 11.70328pt x 11.79262pt.
File: HU.jpg Graphic file (type jpg)
<use HU.jpg>
Package pdftex.def Info: HU.jpg  used on input line 779.
(pdftex.def)             Requested size: 30.11426pt x 11.84494pt.
File: logoMathTec.png Graphic file (type png)
<use logoMathTec.png>
Package pdftex.def Info: logoMathTec.png  used on input line 779.
(pdftex.def)             Requested size: 27.29788pt x 11.94777pt.
[13

]
<skizze_DSfix3.png, id=128, 341.18163pt x 255.94624pt>
File: skizze_DSfix3.png Graphic file (type png)
<use skizze_DSfix3.png>
Package pdftex.def Info: skizze_DSfix3.png  used on input line 815.
(pdftex.def)             Requested size: 102.35527pt x 76.78445pt.

Overfull \hbox (2.77063pt too wide) in paragraph at lines 815--815
[][] 
 []

<skizze_DSreg.png, id=129, 398.62311pt x 299.03847pt>
File: skizze_DSreg.png Graphic file (type png)
<use skizze_DSreg.png>
Package pdftex.def Info: skizze_DSreg.png  used on input line 815.
(pdftex.def)             Requested size: 99.65553pt x 74.75943pt.
<strahlfl.png, id=130, 540.60236pt x 313.26485pt>
File: strahlfl.png Graphic file (type png)
<use strahlfl.png>
Package pdftex.def Info: strahlfl.png  used on input line 815.
(pdftex.def)             Requested size: 108.11855pt x 62.65186pt.

Overfull \hbox (22.76028pt too wide) in paragraph at lines 815--815
[][] 
 []


Overfull \hbox (5.69043pt too wide) in paragraph at lines 815--815
[] 
 []

File: wiaslogo-2010.pdf Graphic file (type pdf)
<use wiaslogo-2010.pdf>
Package pdftex.def Info: wiaslogo-2010.pdf  used on input line 815.
(pdftex.def)             Requested size: 10.18452pt x 10.18452pt.
File: husiegel.jpg Graphic file (type jpg)
<use husiegel.jpg>
Package pdftex.def Info: husiegel.jpg  used on input line 815.
(pdftex.def)             Requested size: 11.70328pt x 11.79262pt.
File: HU.jpg Graphic file (type jpg)
<use HU.jpg>
Package pdftex.def Info: HU.jpg  used on input line 815.
(pdftex.def)             Requested size: 30.11426pt x 11.84494pt.
File: logoMathTec.png Graphic file (type png)
<use logoMathTec.png>
Package pdftex.def Info: logoMathTec.png  used on input line 815.
(pdftex.def)             Requested size: 27.29788pt x 11.94777pt.
[14

 <./skizze_DSfix3.png> <./skizze_DSreg.png (PNG copy)> <./strahlfl.png (PNG cop
y)>]
File: wiaslogo-2010.pdf Graphic file (type pdf)
<use wiaslogo-2010.pdf>
Package pdftex.def Info: wiaslogo-2010.pdf  used on input line 853.
(pdftex.def)             Requested size: 10.18452pt x 10.18452pt.
File: husiegel.jpg Graphic file (type jpg)
<use husiegel.jpg>
Package pdftex.def Info: husiegel.jpg  used on input line 853.
(pdftex.def)             Requested size: 11.70328pt x 11.79262pt.
File: HU.jpg Graphic file (type jpg)
<use HU.jpg>
Package pdftex.def Info: HU.jpg  used on input line 853.
(pdftex.def)             Requested size: 30.11426pt x 11.84494pt.
File: logoMathTec.png Graphic file (type png)
<use logoMathTec.png>
Package pdftex.def Info: logoMathTec.png  used on input line 853.
(pdftex.def)             Requested size: 27.29788pt x 11.94777pt.
 [15

]
<RLRioJ12_Sg.png, id=142, 1405.25pt x 792.9625pt>
File: RLRioJ12_Sg.png Graphic file (type png)
<use RLRioJ12_Sg.png>
Package pdftex.def Info: RLRioJ12_Sg.png  used on input line 894.
(pdftex.def)             Requested size: 98.37755pt x 55.51305pt.

Overfull \hbox (1.63837pt too wide) in paragraph at lines 894--894
[][] 
 []


Overfull \hbox (1.82652pt too wide) in paragraph at lines 894--894
[]\T1/phv/m/n/8 = 
 []


Underfull \hbox (badness 10000) in paragraph at lines 894--894

 []


Underfull \hbox (badness 10000) in paragraph at lines 894--894

 []

<RLRioJ12_Sg0.png, id=143, 1405.25pt x 792.9625pt>
File: RLRioJ12_Sg0.png Graphic file (type png)
<use RLRioJ12_Sg0.png>
Package pdftex.def Info: RLRioJ12_Sg0.png  used on input line 894.
(pdftex.def)             Requested size: 98.37755pt x 55.51305pt.

Overfull \hbox (1.63837pt too wide) in paragraph at lines 894--894
 [][] 
 []


Overfull \hbox (1.82652pt too wide) in paragraph at lines 894--894
[]\T1/phv/m/n/8 + 
 []


Underfull \hbox (badness 10000) in paragraph at lines 894--894

 []


Underfull \hbox (badness 10000) in paragraph at lines 894--894

 []

<RLRioJ12_SgB.png, id=144, 1405.25pt x 792.9625pt>
File: RLRioJ12_SgB.png Graphic file (type png)
<use RLRioJ12_SgB.png>
Package pdftex.def Info: RLRioJ12_SgB.png  used on input line 894.
(pdftex.def)             Requested size: 98.37755pt x 55.51305pt.

Overfull \hbox (13.01929pt too wide) in paragraph at lines 894--894
[][] 
 []

File: wiaslogo-2010.pdf Graphic file (type pdf)
<use wiaslogo-2010.pdf>
Package pdftex.def Info: wiaslogo-2010.pdf  used on input line 894.
(pdftex.def)             Requested size: 10.18452pt x 10.18452pt.
File: husiegel.jpg Graphic file (type jpg)
<use husiegel.jpg>
Package pdftex.def Info: husiegel.jpg  used on input line 894.
(pdftex.def)             Requested size: 11.70328pt x 11.79262pt.
File: HU.jpg Graphic file (type jpg)
<use HU.jpg>
Package pdftex.def Info: HU.jpg  used on input line 894.
(pdftex.def)             Requested size: 30.11426pt x 11.84494pt.
File: logoMathTec.png Graphic file (type png)
<use logoMathTec.png>
Package pdftex.def Info: logoMathTec.png  used on input line 894.
(pdftex.def)             Requested size: 27.29788pt x 11.94777pt.
[16

 <./RLRioJ12_Sg.png (PNG copy)> <./RLRioJ12_Sg0.png (PNG copy)> <./RLRioJ12_SgB
.png (PNG copy)>]
<RLRioJ12_v1_GC_0.png, id=153, 1209.51875pt x 792.9625pt>
File: RLRioJ12_v1_GC_0.png Graphic file (type png)
<use RLRioJ12_v1_GC_0.png>
Package pdftex.def Info: RLRioJ12_v1_GC_0.png  used on input line 920.
(pdftex.def)             Requested size: 96.76347pt x 63.4383pt.
<RLRioJ12_v1_GC_20.png, id=154, 1209.51875pt x 792.9625pt>
File: RLRioJ12_v1_GC_20.png Graphic file (type png)
<use RLRioJ12_v1_GC_20.png>
Package pdftex.def Info: RLRioJ12_v1_GC_20.png  used on input line 920.
(pdftex.def)             Requested size: 96.76347pt x 63.4383pt.
<RLRioJ12_v1_GC_80.png, id=155, 1209.51875pt x 792.9625pt>
File: RLRioJ12_v1_GC_80.png Graphic file (type png)
<use RLRioJ12_v1_GC_80.png>
Package pdftex.def Info: RLRioJ12_v1_GC_80.png  used on input line 920.
(pdftex.def)             Requested size: 96.76347pt x 63.4383pt.
<RLRioJ12_v2_GC_0.png, id=156, 1209.51875pt x 792.9625pt>
File: RLRioJ12_v2_GC_0.png Graphic file (type png)
<use RLRioJ12_v2_GC_0.png>
Package pdftex.def Info: RLRioJ12_v2_GC_0.png  used on input line 920.
(pdftex.def)             Requested size: 96.76347pt x 63.4383pt.
<RLRioJ12_v2_GC_20.png, id=157, 1209.51875pt x 792.9625pt>
File: RLRioJ12_v2_GC_20.png Graphic file (type png)
<use RLRioJ12_v2_GC_20.png>
Package pdftex.def Info: RLRioJ12_v2_GC_20.png  used on input line 920.
(pdftex.def)             Requested size: 96.76347pt x 63.4383pt.
<RLRioJ12_v2_GC_80.png, id=158, 1209.51875pt x 792.9625pt>
File: RLRioJ12_v2_GC_80.png Graphic file (type png)
<use RLRioJ12_v2_GC_80.png>
Package pdftex.def Info: RLRioJ12_v2_GC_80.png  used on input line 920.
(pdftex.def)             Requested size: 96.76347pt x 63.4383pt.
File: wiaslogo-2010.pdf Graphic file (type pdf)
<use wiaslogo-2010.pdf>
Package pdftex.def Info: wiaslogo-2010.pdf  used on input line 920.
(pdftex.def)             Requested size: 10.18452pt x 10.18452pt.
File: husiegel.jpg Graphic file (type jpg)
<use husiegel.jpg>
Package pdftex.def Info: husiegel.jpg  used on input line 920.
(pdftex.def)             Requested size: 11.70328pt x 11.79262pt.
File: HU.jpg Graphic file (type jpg)
<use HU.jpg>
Package pdftex.def Info: HU.jpg  used on input line 920.
(pdftex.def)             Requested size: 30.11426pt x 11.84494pt.
File: logoMathTec.png Graphic file (type png)
<use logoMathTec.png>
Package pdftex.def Info: logoMathTec.png  used on input line 920.
(pdftex.def)             Requested size: 27.29788pt x 11.94777pt.
 [17

 <./RLRioJ12_v1_GC_0.png (PNG copy)> <./RLRioJ12_v1_GC_20.png (PNG copy)> <./RL
RioJ12_v1_GC_80.png (PNG copy)> <./RLRioJ12_v2_GC_0.png (PNG copy)> <./RLRioJ12
_v2_GC_20.png (PNG copy)> <./RLRioJ12_v2_GC_80.png (PNG copy)>]
<RLR_J12_bauraum2.png, id=165, 1117.17375pt x 792.9625pt>
File: RLR_J12_bauraum2.png Graphic file (type png)
<use RLR_J12_bauraum2.png>
Package pdftex.def Info: RLR_J12_bauraum2.png  used on input line 936.
(pdftex.def)             Requested size: 145.23769pt x 103.08873pt.
<RLR_J12_bauraum1.png, id=166, 1117.17375pt x 792.9625pt>
File: RLR_J12_bauraum1.png Graphic file (type png)
<use RLR_J12_bauraum1.png>
Package pdftex.def Info: RLR_J12_bauraum1.png  used on input line 936.
(pdftex.def)             Requested size: 145.23769pt x 103.08873pt.

Overfull \hbox (17.20029pt too wide) in paragraph at lines 936--936
[][] 
 []

File: wiaslogo-2010.pdf Graphic file (type pdf)
<use wiaslogo-2010.pdf>
Package pdftex.def Info: wiaslogo-2010.pdf  used on input line 936.
(pdftex.def)             Requested size: 10.18452pt x 10.18452pt.
File: husiegel.jpg Graphic file (type jpg)
<use husiegel.jpg>
Package pdftex.def Info: husiegel.jpg  used on input line 936.
(pdftex.def)             Requested size: 11.70328pt x 11.79262pt.
File: HU.jpg Graphic file (type jpg)
<use HU.jpg>
Package pdftex.def Info: HU.jpg  used on input line 936.
(pdftex.def)             Requested size: 30.11426pt x 11.84494pt.
File: logoMathTec.png Graphic file (type png)
<use logoMathTec.png>
Package pdftex.def Info: logoMathTec.png  used on input line 936.
(pdftex.def)             Requested size: 27.29788pt x 11.94777pt.
[18

 <./RLR_J12_bauraum2.png (PNG copy)> <./RLR_J12_bauraum1.png (PNG copy)>]
Underfull \hbox (badness 10000) in paragraph at lines 1149--1149

 []


Underfull \hbox (badness 10000) in paragraph at lines 1149--1149

 []

<femHut1.png, id=173, 213.11115pt x 99.58464pt>
File: femHut1.png Graphic file (type png)
<use femHut1.png>
Package pdftex.def Info: femHut1.png  used on input line 1149.
(pdftex.def)             Requested size: 127.86766pt x 59.75124pt.
File: wiaslogo-2010.pdf Graphic file (type pdf)
<use wiaslogo-2010.pdf>
Package pdftex.def Info: wiaslogo-2010.pdf  used on input line 1149.
(pdftex.def)             Requested size: 10.18452pt x 10.18452pt.
File: husiegel.jpg Graphic file (type jpg)
<use husiegel.jpg>
Package pdftex.def Info: husiegel.jpg  used on input line 1149.
(pdftex.def)             Requested size: 11.70328pt x 11.79262pt.
File: HU.jpg Graphic file (type jpg)
<use HU.jpg>
Package pdftex.def Info: HU.jpg  used on input line 1149.
(pdftex.def)             Requested size: 30.11426pt x 11.84494pt.
File: logoMathTec.png Graphic file (type png)
<use logoMathTec.png>
Package pdftex.def Info: logoMathTec.png  used on input line 1149.
(pdftex.def)             Requested size: 27.29788pt x 11.94777pt.
[19

 <./femHut1.png (PNG copy)>]
<Rohr3_lb0.png, id=181, 966.61125pt x 792.9625pt>
File: Rohr3_lb0.png Graphic file (type png)
<use Rohr3_lb0.png>
Package pdftex.def Info: Rohr3_lb0.png  used on input line 1176.
(pdftex.def)             Requested size: 96.66678pt x 79.30089pt.
<Rohr3_lb1.png, id=182, 966.61125pt x 792.9625pt>
File: Rohr3_lb1.png Graphic file (type png)
<use Rohr3_lb1.png>
Package pdftex.def Info: Rohr3_lb1.png  used on input line 1176.
(pdftex.def)             Requested size: 96.66678pt x 79.30089pt.
<TOR_LB0.png, id=183, 845.1575pt x 792.9625pt>
File: TOR_LB0.png Graphic file (type png)
<use TOR_LB0.png>
Package pdftex.def Info: TOR_LB0.png  used on input line 1176.
(pdftex.def)             Requested size: 84.52069pt x 79.30089pt.
<TOR_LB1.png, id=184, 845.1575pt x 792.9625pt>
File: TOR_LB1.png Graphic file (type png)
<use TOR_LB1.png>
Package pdftex.def Info: TOR_LB1.png  used on input line 1176.
(pdftex.def)             Requested size: 84.52069pt x 79.30089pt.
File: wiaslogo-2010.pdf Graphic file (type pdf)
<use wiaslogo-2010.pdf>
Package pdftex.def Info: wiaslogo-2010.pdf  used on input line 1176.
(pdftex.def)             Requested size: 10.18452pt x 10.18452pt.
File: husiegel.jpg Graphic file (type jpg)
<use husiegel.jpg>
Package pdftex.def Info: husiegel.jpg  used on input line 1176.
(pdftex.def)             Requested size: 11.70328pt x 11.79262pt.
File: HU.jpg Graphic file (type jpg)
<use HU.jpg>
Package pdftex.def Info: HU.jpg  used on input line 1176.
(pdftex.def)             Requested size: 30.11426pt x 11.84494pt.
File: logoMathTec.png Graphic file (type png)
<use logoMathTec.png>
Package pdftex.def Info: logoMathTec.png  used on input line 1176.
(pdftex.def)             Requested size: 27.29788pt x 11.94777pt.
 [20

 <./Rohr3_lb0.png (PNG copy)> <./Rohr3_lb1.png (PNG copy)> <./TOR_LB0.png (PNG 
copy)> <./TOR_LB1.png (PNG copy)>]
<B120R200I30.png, id=191, 1176.395pt x 792.9625pt>
File: B120R200I30.png Graphic file (type png)
<use B120R200I30.png>
Package pdftex.def Info: B120R200I30.png  used on input line 1226.
(pdftex.def)             Requested size: 141.1613pt x 95.15138pt.
<M23R400o1i200.png, id=192, 951.555pt x 906.38625pt>
File: M23R400o1i200.png Graphic file (type png)
<use M23R400o1i200.png>
Package pdftex.def Info: M23R400o1i200.png  used on input line 1226.
(pdftex.def)             Requested size: 114.18167pt x 108.76166pt.
<T090R1000I30.png, id=193, 1177.39874pt x 792.9625pt>
File: T090R1000I30.png Graphic file (type png)
<use T090R1000I30.png>
Package pdftex.def Info: T090R1000I30.png  used on input line 1226.
(pdftex.def)             Requested size: 141.28175pt x 95.15138pt.
<I120R2e5I15.png, id=194, 1177.39874pt x 792.9625pt>
File: I120R2e5I15.png Graphic file (type png)
<use I120R2e5I15.png>
Package pdftex.def Info: I120R2e5I15.png  used on input line 1226.
(pdftex.def)             Requested size: 141.28175pt x 95.15138pt.

Overfull \hbox (27.47073pt too wide) in paragraph at lines 1226--1226
[][] 
 []


Overfull \vbox (2.73056pt too high) detected at line 1226
 []

File: wiaslogo-2010.pdf Graphic file (type pdf)
<use wiaslogo-2010.pdf>
Package pdftex.def Info: wiaslogo-2010.pdf  used on input line 1226.
(pdftex.def)             Requested size: 10.18452pt x 10.18452pt.
File: husiegel.jpg Graphic file (type jpg)
<use husiegel.jpg>
Package pdftex.def Info: husiegel.jpg  used on input line 1226.
(pdftex.def)             Requested size: 11.70328pt x 11.79262pt.
File: HU.jpg Graphic file (type jpg)
<use HU.jpg>
Package pdftex.def Info: HU.jpg  used on input line 1226.
(pdftex.def)             Requested size: 30.11426pt x 11.84494pt.
File: logoMathTec.png Graphic file (type png)
<use logoMathTec.png>
Package pdftex.def Info: logoMathTec.png  used on input line 1226.
(pdftex.def)             Requested size: 27.29788pt x 11.94777pt.
[21

 <./B120R200I30.png (PNG copy)> <./M23R400o1i200.png (PNG copy)> <./T090R1000I3
0.png (PNG copy)> <./I120R2e5I15.png (PNG copy)>]
File: wiaslogo-2010.pdf Graphic file (type pdf)
<use wiaslogo-2010.pdf>
Package pdftex.def Info: wiaslogo-2010.pdf  used on input line 1280.
(pdftex.def)             Requested size: 10.18452pt x 10.18452pt.
File: husiegel.jpg Graphic file (type jpg)
<use husiegel.jpg>
Package pdftex.def Info: husiegel.jpg  used on input line 1280.
(pdftex.def)             Requested size: 11.70328pt x 11.79262pt.
File: HU.jpg Graphic file (type jpg)
<use HU.jpg>
Package pdftex.def Info: HU.jpg  used on input line 1280.
(pdftex.def)             Requested size: 30.11426pt x 11.84494pt.
File: logoMathTec.png Graphic file (type png)
<use logoMathTec.png>
Package pdftex.def Info: logoMathTec.png  used on input line 1280.
(pdftex.def)             Requested size: 27.29788pt x 11.94777pt.
 [22

]

Package movie15 Warning: @@@@@@@@@@@@@@@@@@@@@@@@@@@@@@@@@@@@@@@
(movie15)                @@ Package `movie15' is obsolete and @@
(movie15)                @@ superseded by `media9'.           @@
(movie15)                @@@@@@@@@@@@@@@@@@@@@@@@@@@@@@@@@@@@@@@.

\tf@nav=\write8
\openout8 = `ShapeOptimizationROMSCO.nav'.

\tf@toc=\write9
\openout9 = `ShapeOptimizationROMSCO.toc'.

\tf@snm=\write10
\openout10 = `ShapeOptimizationROMSCO.snm'.

Package atveryend Info: Empty hook `BeforeClearDocument' on input line 1284.
Package atveryend Info: Empty hook `AfterLastShipout' on input line 1284.
(./ShapeOptimizationROMSCO.aux)
Package atveryend Info: Executing hook `AtVeryEndDocument' on input line 1284.
Package atveryend Info: Executing hook `AtEndAfterFileList' on input line 1284.

Package rerunfilecheck Info: File `ShapeOptimizationROMSCO.out' has not changed
.
(rerunfilecheck)             Checksum: D41D8CD98F00B204E9800998ECF8427E;0.


LaTeX Font Warning: Some font shapes were not available, defaults substituted.

 ) 
Here is how much of TeX's memory you used:
 28241 strings out of 483140
 569975 string characters out of 5965152
 896620 words of memory out of 5000000
 42505 multiletter control sequences out of 15000+600000
 607480 words of font info for 103 fonts, out of 8000000 for 9000
 36 hyphenation exceptions out of 8191
 54i,18n,75p,814b,834s stack positions out of 5000i,500n,10000p,200000b,80000s
{/usr/share/texlive/texmf-dist/fonts/enc/dvips/base/8r.enc}</usr/share/texliv
e/texmf-dist/fonts/type1/public/amsfonts/cmextra/cmex7.pfb></usr/share/texlive/
texmf-dist/fonts/type1/public/amsfonts/cmextra/cmex8.pfb></usr/share/texlive/te
xmf-dist/fonts/type1/public/amsfonts/cm/cmmi5.pfb></usr/share/texlive/texmf-dis
t/fonts/type1/public/amsfonts/cm/cmmi6.pfb></usr/share/texlive/texmf-dist/fonts
/type1/public/amsfonts/cm/cmmi8.pfb></usr/share/texlive/texmf-dist/fonts/type1/
public/amsfonts/cm/cmss8.pfb></usr/share/texlive/texmf-dist/fonts/type1/public/
amsfonts/cm/cmsy10.pfb></usr/share/texlive/texmf-dist/fonts/type1/public/amsfon
ts/cm/cmsy5.pfb></usr/share/texlive/texmf-dist/fonts/type1/public/amsfonts/cm/c
msy6.pfb></usr/share/texlive/texmf-dist/fonts/type1/public/amsfonts/cm/cmsy8.pf
b></usr/share/texlive/texmf-dist/fonts/type1/public/amsfonts/symbols/msam10.pfb
></usr/share/texlive/texmf-dist/fonts/type1/public/amsfonts/symbols/msam7.pfb><
/usr/share/texlive/texmf-dist/fonts/type1/public/amsfonts/symbols/msbm10.pfb></
usr/share/texlive/texmf-dist/fonts/type1/urw/helvetic/uhvb8a.pfb></usr/share/te
xlive/texmf-dist/fonts/type1/urw/helvetic/uhvbo8a.pfb></usr/share/texlive/texmf
-dist/fonts/type1/urw/helvetic/uhvr8a.pfb></usr/share/texlive/texmf-dist/fonts/
type1/urw/helvetic/uhvro8a.pfb>
Output written on ShapeOptimizationROMSCO.pdf (22 pages, 6618353 bytes).
PDF statistics:
 275 PDF objects out of 1000 (max. 8388607)
 189 compressed objects within 2 object streams
 65 named destinations out of 1000 (max. 500000)
 223 words of extra memory for PDF output out of 10000 (max. 10000000)

