This is pdfTeX, Version 3.14159265-2.6-1.40.17 (TeX Live 2016/TeX Live for SUSE Linux) (preloaded format=pdflatex 2017.11.29)  28 FEB 2018 16:00
entering extended mode
 restricted \write18 enabled.
 %&-line parsing enabled.
**Handbuch_2017.tex
(./Handbuch_2017.tex
LaTeX2e <2016/03/31>
Babel <3.9r> and hyphenation patterns for 83 language(s) loaded.
(/usr/share/texmf/tex/latex/base/article.cls
Document Class: article 2014/09/29 v1.4h Standard LaTeX document class
(/usr/share/texmf/tex/latex/base/size10.clo
File: size10.clo 2014/09/29 v1.4h Standard LaTeX file (size option)
)
\c@part=\count79
\c@section=\count80
\c@subsection=\count81
\c@subsubsection=\count82
\c@paragraph=\count83
\c@subparagraph=\count84
\c@figure=\count85
\c@table=\count86
\abovecaptionskip=\skip41
\belowcaptionskip=\skip42
\bibindent=\dimen102
)
(/usr/share/texmf/tex/latex/ucs/ucs.sty
Package: ucs 2013/05/11 v2.2 UCS: Unicode input support

(/usr/share/texmf/tex/latex/ucs/data/uni-global.def
File: uni-global.def 2013/05/13 UCS: Unicode global data
)
\uc@secondtry=\count87
\uc@combtoks=\toks14
\uc@combtoksb=\toks15
\uc@temptokena=\toks16
)
(/usr/share/texmf/tex/latex/base/inputenc.sty
Package: inputenc 2015/03/17 v1.2c Input encoding file
\inpenc@prehook=\toks17
\inpenc@posthook=\toks18

(/usr/share/texmf/tex/latex/ucs/utf8x.def
File: utf8x.def 2004/10/17 UCS: Input encoding UTF-8
))
(/usr/share/texmf/tex/latex/base/fontenc.sty
Package: fontenc 2005/09/27 v1.99g Standard LaTeX package

(/usr/share/texmf/tex/latex/base/t1enc.def
File: t1enc.def 2005/09/27 v1.99g Standard LaTeX file
LaTeX Font Info:    Redeclaring font encoding T1 on input line 48.
))
(/usr/share/texmf/tex/latex/amsmath/amsmath.sty
Package: amsmath 2016/03/10 v2.15b AMS math features
\@mathmargin=\skip43

For additional information on amsmath, use the `?' option.
(/usr/share/texmf/tex/latex/amsmath/amstext.sty
Package: amstext 2000/06/29 v2.01 AMS text

(/usr/share/texmf/tex/latex/amsmath/amsgen.sty
File: amsgen.sty 1999/11/30 v2.0 generic functions
\@emptytoks=\toks19
\ex@=\dimen103
))
(/usr/share/texmf/tex/latex/amsmath/amsbsy.sty
Package: amsbsy 1999/11/29 v1.2d Bold Symbols
\pmbraise@=\dimen104
)
(/usr/share/texmf/tex/latex/amsmath/amsopn.sty
Package: amsopn 2016/03/08 v2.02 operator names
)
\inf@bad=\count88
LaTeX Info: Redefining \frac on input line 199.
\uproot@=\count89
\leftroot@=\count90
LaTeX Info: Redefining \overline on input line 297.
\classnum@=\count91
\DOTSCASE@=\count92
LaTeX Info: Redefining \ldots on input line 394.
LaTeX Info: Redefining \dots on input line 397.
LaTeX Info: Redefining \cdots on input line 518.
\Mathstrutbox@=\box26
\strutbox@=\box27
\big@size=\dimen105
LaTeX Font Info:    Redeclaring font encoding OML on input line 634.
LaTeX Font Info:    Redeclaring font encoding OMS on input line 635.
\macc@depth=\count93
\c@MaxMatrixCols=\count94
\dotsspace@=\muskip10
\c@parentequation=\count95
\dspbrk@lvl=\count96
\tag@help=\toks20
\row@=\count97
\column@=\count98
\maxfields@=\count99
\andhelp@=\toks21
\eqnshift@=\dimen106
\alignsep@=\dimen107
\tagshift@=\dimen108
\tagwidth@=\dimen109
\totwidth@=\dimen110
\lineht@=\dimen111
\@envbody=\toks22
\multlinegap=\skip44
\multlinetaggap=\skip45
\mathdisplay@stack=\toks23
LaTeX Info: Redefining \[ on input line 2739.
LaTeX Info: Redefining \] on input line 2740.
)
(/usr/share/texmf/tex/latex/amsfonts/amsfonts.sty
Package: amsfonts 2013/01/14 v3.01 Basic AMSFonts support
\symAMSa=\mathgroup4
\symAMSb=\mathgroup5
LaTeX Font Info:    Overwriting math alphabet `\mathfrak' in version `bold'
(Font)                  U/euf/m/n --> U/euf/b/n on input line 106.
)
(/usr/share/texmf/tex/latex/amsfonts/amssymb.sty
Package: amssymb 2013/01/14 v3.01 AMS font symbols
)
(/usr/share/texmf/tex/latex/amscls/amsthm.sty
Package: amsthm 2015/03/04 v2.20.2
\thm@style=\toks24
\thm@bodyfont=\toks25
\thm@headfont=\toks26
\thm@notefont=\toks27
\thm@headpunct=\toks28
\thm@preskip=\skip46
\thm@postskip=\skip47
\thm@headsep=\skip48
\dth@everypar=\toks29
)
(/usr/share/texmf/tex/latex/pb-diagram/pb-diagram.sty
\dgARROWLENGTH=\skip49
\dgTEXTARROWLENGTH=\skip50
\dgHORIZPAD=\skip51
\dgVERTPAD=\skip52
\dgLABELOFFSET=\skip53
\dgARROWPARTS=\count100
\dgDOTSPACING=\skip54
\dgDOTSIZE=\skip55
\dgMAXSQUARE=\count101
\dgMINDBLSQ=\count102
\dgCOLUMNWIDTH=\skip56
\dg@HORIZ=\count103
\dg@VERT=\count104
\dg@XLPAD=\count105
\dg@YBPAD=\count106
\dg@XRPAD=\count107
\dg@YTPAD=\count108
\dg@X=\count109
\dg@Y=\count110
\dg@XGRID=\count111
\dg@YGRID=\count112
\dg@SIZE=\count113
\dg@USERSIZE=\count114
\dg@DX=\count115
\dg@DY=\count116
\dg@XLBL=\count117
\dg@YLBL=\count118
\dg@XOFFSET=\count119
\dg@YOFFSET=\count120
\dg@LBLOFF=\count121
\dg@XLBLOFF=\count122
\dg@YLBLOFF=\count123
\dg@LBLPOS=\count124
\dg@XTEMP=\count125
\dg@YTEMP=\count126
\dg@ZTEMP=\count127
\dg@XNODE=\count128
\dg@YNODE=\count129
\dg@XEND=\count130
\dg@YEND=\count131
\dg@WEND=\count132
\dg@HEND=\count133
\dg@COUNT=\count134
\dg@NODEBOX=\box28
\dg@LABONEBOX=\box29
\dg@LABTWOBOX=\box30
)
(/usr/share/texmf/tex/latex/graphics/graphicx.sty
Package: graphicx 2014/10/28 v1.0g Enhanced LaTeX Graphics (DPC,SPQR)

(/usr/share/texmf/tex/latex/graphics/keyval.sty
Package: keyval 2014/10/28 v1.15 key=value parser (DPC)
\KV@toks@=\toks30
)
(/usr/share/texmf/tex/latex/graphics/graphics.sty
Package: graphics 2016/05/09 v1.0r Standard LaTeX Graphics (DPC,SPQR)

(/usr/share/texmf/tex/latex/graphics/trig.sty
Package: trig 2016/01/03 v1.10 sin cos tan (DPC)
)
(/usr/share/texmf/tex/latex/graphics-cfg/graphics.cfg
File: graphics.cfg 2016/01/02 v1.10 sample graphics configuration
)
Package graphics Info: Driver file: pdftex.def on input line 96.

(/usr/share/texmf/tex/latex/pdftex-def/pdftex.def
File: pdftex.def 2011/05/27 v0.06d Graphics/color for pdfTeX

(/usr/share/texmf/tex/generic/oberdiek/infwarerr.sty
Package: infwarerr 2016/05/16 v1.4 Providing info/warning/error messages (HO)
)
(/usr/share/texmf/tex/generic/oberdiek/ltxcmds.sty
Package: ltxcmds 2016/05/16 v1.23 LaTeX kernel commands for general use (HO)
)
\Gread@gobject=\count135
))
\Gin@req@height=\dimen112
\Gin@req@width=\dimen113
)
(/usr/share/texmf/tex/latex/graphics/epsfig.sty
Package: epsfig 1999/02/16 v1.7a (e)psfig emulation (SPQR)
\epsfxsize=\dimen114
\epsfysize=\dimen115
)
(/usr/share/texmf/tex/latex/base/latexsym.sty
Package: latexsym 1998/08/17 v2.2e Standard LaTeX package (lasy symbols)
\symlasy=\mathgroup6
LaTeX Font Info:    Overwriting symbol font `lasy' in version `bold'
(Font)                  U/lasy/m/n --> U/lasy/b/n on input line 52.
)
(/usr/share/texmf/tex/latex/tools/multicol.sty
Package: multicol 2016/04/07 v1.8p multicolumn formatting (FMi)
\c@tracingmulticols=\count136
\mult@box=\box31
\multicol@leftmargin=\dimen116
\c@unbalance=\count137
\c@collectmore=\count138
\doublecol@number=\count139
\multicoltolerance=\count140
\multicolpretolerance=\count141
\full@width=\dimen117
\page@free=\dimen118
\premulticols=\dimen119
\postmulticols=\dimen120
\multicolsep=\skip57
\multicolbaselineskip=\skip58
\partial@page=\box32
\last@line=\box33
\maxbalancingoverflow=\dimen121
\mult@rightbox=\box34
\mult@grightbox=\box35
\mult@gfirstbox=\box36
\mult@firstbox=\box37
\@tempa=\box38
\@tempa=\box39
\@tempa=\box40
\@tempa=\box41
\@tempa=\box42
\@tempa=\box43
\@tempa=\box44
\@tempa=\box45
\@tempa=\box46
\@tempa=\box47
\@tempa=\box48
\@tempa=\box49
\@tempa=\box50
\@tempa=\box51
\@tempa=\box52
\@tempa=\box53
\@tempa=\box54
\c@columnbadness=\count142
\c@finalcolumnbadness=\count143
\last@try=\dimen122
\multicolovershoot=\dimen123
\multicolundershoot=\dimen124
\mult@nat@firstbox=\box55
\colbreak@box=\box56
\mc@col@check@num=\count144
)
(/usr/share/texmf/tex/latex/psnfss/times.sty
Package: times 2005/04/12 PSNFSS-v9.2a (SPQR) 
)
(/usr/share/texmf/tex/generic/babel/babel.sty
Package: babel 2016/04/23 3.9r The Babel package

(/usr/share/texmf/tex/generic/babel-german/ngerman.ldf
Language: ngerman 2013/12/13 v2.7 German support for babel (new orthography)

(/usr/share/texmf/tex/generic/babel-german/ngermanb.ldf
Language: ngermanb 2013/12/13 v2.7 German support for babel (new orthography)

(/usr/share/texmf/tex/generic/babel/babel.def
File: babel.def 2016/04/23 3.9r Babel common definitions
\babel@savecnt=\count145
\U@D=\dimen125
)
\l@naustrian = a dialect from \language\l@ngerman 
\l@nswissgerman = a dialect from \language\l@ngerman 
Package babel Info: Making " an active character on input line 88.
)))
(/usr/share/texmf/tex/latex/listings/listings.sty
\lst@mode=\count146
\lst@gtempboxa=\box57
\lst@token=\toks31
\lst@length=\count147
\lst@currlwidth=\dimen126
\lst@column=\count148
\lst@pos=\count149
\lst@lostspace=\dimen127
\lst@width=\dimen128
\lst@newlines=\count150
\lst@lineno=\count151
\lst@maxwidth=\dimen129

(/usr/share/texmf/tex/latex/listings/lstmisc.sty
File: lstmisc.sty 2015/06/04 1.6 (Carsten Heinz)
\c@lstnumber=\count152
\lst@skipnumbers=\count153
\lst@framebox=\box58
)
(/usr/share/texmf/tex/latex/listings/listings.cfg
File: listings.cfg 2015/06/04 1.6 listings configuration
))
Package: listings 2015/06/04 1.6 (Carsten Heinz)

(/usr/share/texmf/tex/latex/graphics/color.sty
Package: color 2016/05/09 v1.1c Standard LaTeX Color (DPC)

(/usr/share/texmf/tex/latex/graphics-cfg/color.cfg
File: color.cfg 2016/01/02 v1.6 sample color configuration
)
Package color Info: Driver file: pdftex.def on input line 144.
)
(/usr/share/texmf/tex/latex/subfigure/subfigure.sty
Package: subfigure 2002/03/15 v2.1.5 subfigure package
\subfigtopskip=\skip59
\subfigcapskip=\skip60
\subfigcaptopadj=\dimen130
\subfigbottomskip=\skip61
\subfigcapmargin=\dimen131
\subfiglabelskip=\skip62
\c@subfigure=\count154
\c@lofdepth=\count155
\c@subtable=\count156
\c@lotdepth=\count157

****************************************
* Local config file subfigure.cfg used *
****************************************
(/usr/share/texmf/tex/latex/subfigure/subfigure.cfg)
\subfig@top=\skip63
\subfig@bottom=\skip64
)
(/usr/share/texmf/tex/latex/xcolor/xcolor.sty
Package: xcolor 2016/05/11 v2.12 LaTeX color extensions (UK)

(/usr/share/texmf/tex/latex/graphics-cfg/color.cfg
File: color.cfg 2016/01/02 v1.6 sample color configuration
)
Package xcolor Info: Driver file: pdftex.def on input line 225.

(/usr/share/texmf/tex/latex/colortbl/colortbl.sty
Package: colortbl 2012/02/13 v1.0a Color table columns (DPC)

(/usr/share/texmf/tex/latex/tools/array.sty
Package: array 2014/10/28 v2.4c Tabular extension package (FMi)
\col@sep=\dimen132
\extrarowheight=\dimen133
\NC@list=\toks32
\extratabsurround=\skip65
\backup@length=\skip66
)
\everycr=\toks33
\minrowclearance=\skip67
)
LaTeX Info: Redefining \color on input line 709.
\rownum=\count158
Package xcolor Info: Model `cmy' substituted by `cmy0' on input line 1348.
Package xcolor Info: Model `hsb' substituted by `rgb' on input line 1352.
Package xcolor Info: Model `RGB' extended on input line 1364.
Package xcolor Info: Model `HTML' substituted by `rgb' on input line 1366.
Package xcolor Info: Model `Hsb' substituted by `hsb' on input line 1367.
Package xcolor Info: Model `tHsb' substituted by `hsb' on input line 1368.
Package xcolor Info: Model `HSB' substituted by `hsb' on input line 1369.
Package xcolor Info: Model `Gray' substituted by `gray' on input line 1370.
Package xcolor Info: Model `wave' substituted by `hsb' on input line 1371.
)
(/usr/share/texmf/tex/latex/germbib/bibgerm.sty
Package: bibgerm 2000/08/18 v0.1 Support for mixed language bibliographies

** Macros for german `BibTeX'ing added to Style Option `german' 20 Apr 1993 **
** idea and languages `german' and `USenglish' implemented by M. Wallmeier **
** Modified for LaTeX 2e and german.sty 2.5b by A. Scherer 1 Nov 1995 **
** Modified for ngerman.sty and babel.sty by H. Harders 21 August 2000 **)
(/usr/share/texmf/tex/latex/multirow/multirow.sty
\bigstrutjot=\dimen134
)
(/usr/share/texmf/tex/latex/graphics/lscape.sty
Package: lscape 2000/10/22 v3.01 Landscape Pages (DPC)
)
(/usr/share/texmf/tex/latex/fancyhdr/fancyhdr.sty
\fancy@headwidth=\skip68
\f@ncyO@elh=\skip69
\f@ncyO@erh=\skip70
\f@ncyO@olh=\skip71
\f@ncyO@orh=\skip72
\f@ncyO@elf=\skip73
\f@ncyO@erf=\skip74
\f@ncyO@olf=\skip75
\f@ncyO@orf=\skip76
)
\c@theorem=\count159
\c@proposition=\count160
\c@remark=\count161
\c@assumption=\count162
\c@conjecture=\count163


LaTeX Warning: Unused global option(s):
    [9pt].

(./Handbuch_2017.aux

LaTeX Warning: Label `tab:parameter1' multiply defined.


LaTeX Warning: Label `tab:parameter4' multiply defined.


LaTeX Warning: Label `uer_model' multiply defined.


LaTeX Warning: Label `tab:parameter8' multiply defined.

)
\openout1 = `Handbuch_2017.aux'.

LaTeX Font Info:    Checking defaults for OML/cmm/m/it on input line 215.
LaTeX Font Info:    ... okay on input line 215.
LaTeX Font Info:    Checking defaults for T1/cmr/m/n on input line 215.
LaTeX Font Info:    ... okay on input line 215.
LaTeX Font Info:    Checking defaults for OT1/cmr/m/n on input line 215.
LaTeX Font Info:    ... okay on input line 215.
LaTeX Font Info:    Checking defaults for OMS/cmsy/m/n on input line 215.
LaTeX Font Info:    ... okay on input line 215.
LaTeX Font Info:    Checking defaults for OMX/cmex/m/n on input line 215.
LaTeX Font Info:    ... okay on input line 215.
LaTeX Font Info:    Checking defaults for U/cmr/m/n on input line 215.
LaTeX Font Info:    ... okay on input line 215.
LaTeX Font Info:    Try loading font information for T1+ptm on input line 215.
 (/usr/share/texmf/tex/latex/psnfss/t1ptm.fd
File: t1ptm.fd 2001/06/04 font definitions for T1/ptm.
)
(/usr/share/texmf/tex/latex/ucs/ucsencs.def
File: ucsencs.def 2011/01/21 Fixes to fontencodings LGR, T3
)
(/usr/share/texmf/tex/context/base/mkii/supp-pdf.mkii
[Loading MPS to PDF converter (version 2006.09.02).]
\scratchcounter=\count164
\scratchdimen=\dimen135
\scratchbox=\box59
\nofMPsegments=\count165
\nofMParguments=\count166
\everyMPshowfont=\toks34
\MPscratchCnt=\count167
\MPscratchDim=\dimen136
\MPnumerator=\count168
\makeMPintoPDFobject=\count169
\everyMPtoPDFconversion=\toks35
) (/usr/share/texmf/tex/generic/oberdiek/pdftexcmds.sty
Package: pdftexcmds 2016/05/10 v0.21 Utility functions of pdfTeX for LuaTeX (HO
)

(/usr/share/texmf/tex/generic/oberdiek/ifluatex.sty
Package: ifluatex 2016/05/16 v1.4 Provides the ifluatex switch (HO)
Package ifluatex Info: LuaTeX not detected.
)
(/usr/share/texmf/tex/generic/oberdiek/ifpdf.sty
Package: ifpdf 2016/05/14 v3.1 Provides the ifpdf switch
)
Package pdftexcmds Info: LuaTeX not detected.
Package pdftexcmds Info: \pdf@primitive is available.
Package pdftexcmds Info: \pdf@ifprimitive is available.
Package pdftexcmds Info: \pdfdraftmode found.
)
(/usr/share/texmf/tex/latex/oberdiek/epstopdf-base.sty
Package: epstopdf-base 2016/05/15 v2.6 Base part for package epstopdf

(/usr/share/texmf/tex/latex/oberdiek/grfext.sty
Package: grfext 2016/05/16 v1.2 Manage graphics extensions (HO)

(/usr/share/texmf/tex/generic/oberdiek/kvdefinekeys.sty
Package: kvdefinekeys 2016/05/16 v1.4 Define keys (HO)
))
(/usr/share/texmf/tex/latex/oberdiek/kvoptions.sty
Package: kvoptions 2016/05/16 v3.12 Key value format for package options (HO)

(/usr/share/texmf/tex/generic/oberdiek/kvsetkeys.sty
Package: kvsetkeys 2016/05/16 v1.17 Key value parser (HO)

(/usr/share/texmf/tex/generic/oberdiek/etexcmds.sty
Package: etexcmds 2016/05/16 v1.6 Avoid name clashes with e-TeX commands (HO)
Package etexcmds Info: Could not find \expanded.
(etexcmds)             That can mean that you are not using pdfTeX 1.50 or
(etexcmds)             that some package has redefined \expanded.
(etexcmds)             In the latter case, load this package earlier.
)))
Package grfext Info: Graphics extension search list:
(grfext)             [.png,.pdf,.jpg,.mps,.jpeg,.jbig2,.jb2,.PNG,.PDF,.JPG,.JPE
G,.JBIG2,.JB2,.eps]
(grfext)             \AppendGraphicsExtensions on input line 456.

(/usr/share/texmf/tex/latex/latexconfig/epstopdf-sys.cfg
File: epstopdf-sys.cfg 2010/07/13 v1.3 Configuration of (r)epstopdf for TeX Liv
e
))
\c@lstlisting=\count170


bibgerm.sty: babel.sty detected

<head.jpg, id=1, 569.16502pt x 85.29721pt>
File: head.jpg Graphic file (type jpg)
 <use head.jpg>
Package pdftex.def Info: head.jpg used on input line 218.
(pdftex.def)             Requested size: 355.65779pt x 53.2065pt.

Overfull \hbox (10.65779pt too wide) in paragraph at lines 218--219
 [] 
 []

LaTeX Font Info:    Font shape `T1/ptm/bx/n' in size <10> not available
(Font)              Font shape `T1/ptm/b/n' tried instead on input line 226.
LaTeX Font Info:    Font shape `T1/ptm/bx/n' in size <20.74> not available
(Font)              Font shape `T1/ptm/b/n' tried instead on input line 226.
LaTeX Font Info:    Try loading font information for OMS+ptm on input line 235.

(/usr/share/texmf/tex/latex/psnfss/omsptm.fd
File: omsptm.fd 
)
LaTeX Font Info:    Font shape `OMS/ptm/m/n' in size <10> not available
(Font)              Font shape `OMS/cmsy/m/n' tried instead on input line 235.

(/usr/share/texmf/tex/latex/ucs/data/uni-0.def
File: uni-0.def 2013/05/13 UCS: Unicode data U+0000..U+00FF
)
LaTeX Font Info:    Try loading font information for U+msa on input line 245.

(/usr/share/texmf/tex/latex/amsfonts/umsa.fd
File: umsa.fd 2013/01/14 v3.01 AMS symbols A
)
LaTeX Font Info:    Try loading font information for U+msb on input line 245.

(/usr/share/texmf/tex/latex/amsfonts/umsb.fd
File: umsb.fd 2013/01/14 v3.01 AMS symbols B
)
LaTeX Font Info:    Try loading font information for U+lasy on input line 245.

(/usr/share/texmf/tex/latex/base/ulasy.fd
File: ulasy.fd 1998/08/17 v2.2e LaTeX symbol font definitions
)
<HU.jpg, id=2, 301.125pt x 118.4425pt>
File: HU.jpg Graphic file (type jpg)
 <use HU.jpg>
Package pdftex.def Info: HU.jpg used on input line 252.
(pdftex.def)             Requested size: 99.5829pt x 39.26506pt.

<empty.jpg, id=3, 182.93344pt x 60.97781pt>
File: empty.jpg Graphic file (type jpg)
 <use empty.jpg>
Package pdftex.def Info: empty.jpg used on input line 254.
(pdftex.def)             Requested size: 99.5837pt x 39.26477pt.
File: empty.jpg Graphic file (type jpg)
 <use empty.jpg>
Package pdftex.def Info: empty.jpg used on input line 256.
(pdftex.def)             Requested size: 71.1316pt x 39.26477pt.

<ifb.jpg, id=4, 48.18pt x 33.9669pt>
File: ifb.jpg Graphic file (type jpg)
 <use ifb.jpg>
Package pdftex.def Info: ifb.jpg used on input line 258.
(pdftex.def)             Requested size: 48.085pt x 33.86055pt.

Underfull \hbox (badness 10000) in paragraph at lines 244--261

 []

[1

{/var/lib/texmf/fonts/map/pdftex/updmap/pdftex.map

pdfTeX warning: pdflatex (file /var/lib/texmf/fonts/map/pdftex/updmap/pdftex.ma
p): invalid entry for `phvbon8r': SlantFont/ExtendFont can be used only with em
bedded Type1 fonts


pdfTeX warning: pdflatex (file /var/lib/texmf/fonts/map/pdftex/updmap/pdftex.ma
p): invalid entry for `phvbrn8r': SlantFont/ExtendFont can be used only with em
bedded Type1 fonts


pdfTeX warning: pdflatex (file /var/lib/texmf/fonts/map/pdftex/updmap/pdftex.ma
p): invalid entry for `phvron8r': SlantFont/ExtendFont can be used only with em
bedded Type1 fonts


pdfTeX warning: pdflatex (file /var/lib/texmf/fonts/map/pdftex/updmap/pdftex.ma
p): invalid entry for `phvrrn8r': SlantFont/ExtendFont can be used only with em
bedded Type1 fonts


pdfTeX warning: pdflatex (file /var/lib/texmf/fonts/map/pdftex/updmap/pdftex.ma
p): invalid entry for `ptmro0': SlantFont/ExtendFont can be used only with embe
dded Type1 fonts


pdfTeX warning: pdflatex (file /var/lib/texmf/fonts/map/pdftex/updmap/pdftex.ma
p): invalid entry for `ptmroq': SlantFont/ExtendFont can be used only with embe
dded Type1 fonts
} <./head.jpg> <./HU.jpg> <./empty.jpg> <./ifb.jpg>]
LaTeX Font Info:    Font shape `T1/ptm/bx/n' in size <14.4> not available
(Font)              Font shape `T1/ptm/b/n' tried instead on input line 264.
 (./Handbuch_2017.toc)
\tf@toc=\write3
\openout3 = `Handbuch_2017.toc'.


[2]
LaTeX Font Info:    Font shape `T1/ptm/bx/n' in size <12> not available
(Font)              Font shape `T1/ptm/b/n' tried instead on input line 270.

Underfull \hbox (badness 10000) in paragraph at lines 290--290

 []


Underfull \hbox (badness 10000) in paragraph at lines 290--290

 []


Underfull \hbox (badness 10000) in paragraph at lines 271--294

 []

<skizze_designSpace4.png, id=16, 327.49123pt x 242.13295pt>
File: skizze_designSpace4.png Graphic file (type png)

<use skizze_designSpace4.png>
Package pdftex.def Info: skizze_designSpace4.png used on input line 303.
(pdftex.def)             Requested size: 147.36967pt x 108.95882pt.
 <M23all.png, id=17, 1133.23375pt x 792.9625pt>
File: M23all.png Graphic file (type png)

<use M23all.png>
Package pdftex.def Info: M23all.png used on input line 304.
(pdftex.def)             Requested size: 169.97772pt x 118.93924pt.
 <M23in.png, id=18, 49.5078pt x 229.61374pt>
File: M23in.png Graphic file (type png)
 <use M23in.png>
Package pdftex.def Info: M23in.png used on input line 314.
(pdftex.def)             Requested size: 17.32797pt x 80.366pt.

<M23fixed.png, id=19, 1133.23375pt x 792.9625pt>
File: M23fixed.png Graphic file (type png)
 <use M23fixed.png>
Package pdftex.def Info: M23fixed.png used on input line 314.
(pdftex.def)             Requested size: 113.33pt x 79.30089pt.

<M23wall.png, id=20, 1133.23375pt x 792.9625pt>
File: M23wall.png Graphic file (type png)
 <use M23wall.png>
Package pdftex.def Info: M23wall.png used on input line 314.
(pdftex.def)             Requested size: 113.33pt x 79.30089pt.

Overfull \hbox (8.0549pt too wide) in paragraph at lines 314--314
[]|[]| 
 []

<M23out.png, id=21, 113.81102pt x 228.47563pt>
File: M23out.png Graphic file (type png)
 <use M23out.png>
Package pdftex.def Info: M23out.png used on input line 314.
(pdftex.def)             Requested size: 39.83444pt x 79.96767pt.

Overfull \hbox (5.69122pt too wide) in paragraph at lines 314--315
[]|[]| 
 []


Overfull \hbox (4.122pt too wide) in paragraph at lines 316--316
[]|[]\T1/ptm/m/n/10 inlet.stl[]| 
 []


Overfull \hbox (0.58607pt too wide) in paragraph at lines 316--317
[]|[]\T1/ptm/m/n/10 outlet.stl[]| 
 []


Underfull \hbox (badness 10000) in paragraph at lines 318--318
[]|[]\T1/ptm/m/n/10 inlet1[]
 []


Overfull \hbox (0.58607pt too wide) in paragraph at lines 322--323
[]|[]\T1/ptm/m/n/10 outlet.stl[]| 
 []


Overfull \hbox (0.90843pt too wide) in paragraph at lines 312--325
 [][] 
 []


Overfull \hbox (6.33075pt too wide) in paragraph at lines 332--332
[]|\T1/ptm/m/n/10 Dateiname| 
 []


Underfull \hbox (badness 6910) in paragraph at lines 338--339
[]|\T1/ptm/m/n/10 Geometriedaten der fi-xen
 []


Overfull \hbox (0.96619pt too wide) in paragraph at lines 296--360
\T1/ptm/m/n/10 trie (\T1/ptm/b/n/10 bds.stl\T1/ptm/m/n/10 ) wer-den die Ober-fl
ä-chen in 4 Da-tei-en im STL-Format ge-spei-chert (\T1/ptm/b/n/10 inlet.stl\T1/
ptm/m/n/10 ,
 []


LaTeX Warning: `h' float specifier changed to `ht'.


LaTeX Warning: `h' float specifier changed to `ht'.

[3 <./skizze_designSpace4.png (PNG copy)> <./M23all.png (PNG copy)>]
Underfull \hbox (badness 10000) in paragraph at lines 361--365

 []

<inletMULT.png, id=26, 341.43307pt x 142.54044pt>
File: inletMULT.png Graphic file (type png)
 <use inletMULT.png>
Package pdftex.def Info: inletMULT.png used on input line 375.
(pdftex.def)             Requested size: 180.95865pt x 75.54605pt.
 [4 <./M23in.png (PNG copy)> <./M23fixed.png (PNG copy)> <./M23wall.png (PNG co
py)> <./M23out.png (PNG copy)>] <outletMULT.png, id=30, 512.14961pt x 170.432pt
>
File: outletMULT.png Graphic file (type png)

<use outletMULT.png>
Package pdftex.def Info: outletMULT.png used on input line 389.
(pdftex.def)             Requested size: 271.438pt x 90.32852pt.

<TopoStartgeometrieSkizze.png, id=31, 241.84842pt x 235.58882pt>
File: TopoStartgeometrieSkizze.png Graphic file (type png)

<use TopoStartgeometrieSkizze.png>
Package pdftex.def Info: TopoStartgeometrieSkizze.png used on input line 417.
(pdftex.def)             Requested size: 101.57564pt x 98.94661pt.

<TopoStartgeometrie.png, id=32, 913.4125pt x 792.9625pt>
File: TopoStartgeometrie.png Graphic file (type png)

<use TopoStartgeometrie.png>
Package pdftex.def Info: TopoStartgeometrie.png used on input line 418.
(pdftex.def)             Requested size: 137.00597pt x 118.93924pt.

Underfull \hbox (badness 10000) in paragraph at lines 413--423

 []

[5 <./inletMULT.png (PNG copy)> <./outletMULT.png (PNG copy)>]
Underfull \hbox (badness 10000) in paragraph at lines 434--434
[]|\T1/ptm/m/n/10 Parameter-
 []


Overfull \hbox (4.76682pt too wide) in paragraph at lines 434--435
[]|\T1/ptm/m/n/10 Default-
 []


Underfull \hbox (badness 10000) in paragraph at lines 435--435
[]|\T1/ptm/m/n/10 Zuläs-
 []


Underfull \hbox (badness 10000) in paragraph at lines 438--438
[]|\T1/ptm/m/n/10 install_
 []


Overfull \hbox (5.85388pt too wide) in paragraph at lines 440--440
[]|\T1/ptm/m/n/10 prozessNumber| 
 []


Overfull \hbox (22.86339pt too wide) in paragraph at lines 432--443
 [][] 
 []


Underfull \hbox (badness 10000) in paragraph at lines 461--461
[]|\T1/ptm/m/n/10 Parameter-
 []


Overfull \hbox (4.76682pt too wide) in paragraph at lines 461--462
[]|\T1/ptm/m/n/10 Default-
 []


Underfull \hbox (badness 10000) in paragraph at lines 462--462
[]|\T1/ptm/m/n/10 Zuläs-
 []


Overfull \hbox (2.378pt too wide) in paragraph at lines 462--462
[]|\T1/ptm/m/n/10 RLR| 
 []


Overfull \hbox (4.66353pt too wide) in paragraph at lines 462--462
[]|\T1/ptm/m/n/10 M23| 
 []


Overfull \hbox (7.44356pt too wide) in paragraph at lines 462--463
[]|\T1/ptm/m/n/10 B135| 
 []


Overfull \hbox (5.42818pt too wide) in paragraph at lines 465--465
[]|\T1/ptm/m/n/10 0.004| 
 []


Overfull \hbox (3.27364pt too wide) in paragraph at lines 465--465
[]|\T1/ptm/m/n/10 0.03| 
 []


Overfull \hbox (3.27364pt too wide) in paragraph at lines 465--465
[]|\T1/ptm/m/n/10 0.04| 
 []


Overfull \hbox (3.86067pt too wide) in paragraph at lines 467--467
[]|\T1/ptm/m/n/10 {1,2,...1e3}| 
 []


Overfull \hbox (3.86067pt too wide) in paragraph at lines 469--469
[]|\T1/ptm/m/n/10 {1,2,...1e3}| 
 []


Overfull \hbox (3.86067pt too wide) in paragraph at lines 471--471
[]|\T1/ptm/m/n/10 {0,1,...1e3}| 
 []


Overfull \hbox (5.13838pt too wide) in paragraph at lines 473--473
[]|\T1/ptm/m/n/10 num_layer_wall| 
 []


Underfull \hbox (badness 1210) in paragraph at lines 489--490
[]|\T1/ptm/m/n/10 Vergröÿerungsfaktor der Layer-schich-
 []


Underfull \hbox (badness 10000) in paragraph at lines 491--491
[]|\T1/ptm/m/n/10 mesh_opt_
 []


Underfull \hbox (badness 4505) in paragraph at lines 491--492
[]|\T1/ptm/m/n/10 Polyedergitter: Qua-li-täts-op-ti-mie-rungs-
 []


Underfull \hbox (badness 10000) in paragraph at lines 493--493
[]|\T1/ptm/m/n/10 mesh_quality
 []


Underfull \hbox (badness 4505) in paragraph at lines 493--494
[]|\T1/ptm/m/n/10 Polyedergitter: Qua-li-täts-op-ti-mie-rungs-
 []


Underfull \hbox (badness 10000) in paragraph at lines 495--495
[]|\T1/ptm/m/n/10 grid_local_
 []


Overfull \hbox (77.94292pt too wide) in paragraph at lines 459--500
 [][] 
 []


LaTeX Warning: `h' float specifier changed to `ht'.


Overfull \hbox (7.61226pt too wide) in paragraph at lines 532--532
[]|\T1/ptm/m/n/10 Default-
 []


Underfull \hbox (badness 10000) in paragraph at lines 532--532
[]|\T1/ptm/m/n/10 Zuläs-
 []


Overfull \hbox (1.75308pt too wide) in paragraph at lines 532--532
[]|\T1/ptm/m/n/10 B135| 
 []


Underfull \hbox (badness 10000) in paragraph at lines 536--536
[]|\T1/ptm/m/n/10 velocity_massflow_
 []


Overfull \hbox (6.39763pt too wide) in paragraph at lines 538--538
[]|\T1/ptm/m/n/10 1(36.5)| 
 []


Overfull \hbox (4.87721pt too wide) in paragraph at lines 538--538
[]|\T1/ptm/m/n/10 2(0.006,
 []


Overfull \hbox (4.24307pt too wide) in paragraph at lines 538--538
[]|\T1/ptm/m/n/10 1(4.3)| 
 []


Underfull \hbox (badness 10000) in paragraph at lines 538--539
[]|\T1/ptm/m/n/10 Einströmung (Ge-schwin-dig-
 []


Overfull \hbox (3.67107pt too wide) in paragraph at lines 544--544
[]|\T1/ptm/m/n/10 outlet_turb_intensity| 
 []


Overfull \hbox (83.63297pt too wide) in paragraph at lines 530--549
 [][] 
 []


Underfull \hbox (badness 10000) in paragraph at lines 506--613

 []

[6 <./TopoStartgeometrieSkizze.png (PNG copy)> <./TopoStartgeometrie.png (PNG c
opy)>]

LaTeX Warning: `h' float specifier changed to `ht'.


Overfull \hbox (4.76682pt too wide) in paragraph at lines 639--639
[]|\T1/ptm/m/n/10 Default-
 []


Underfull \hbox (badness 10000) in paragraph at lines 639--639
[]|\T1/ptm/m/n/10 Zuläs-
 []


Overfull \hbox (0.96222pt too wide) in paragraph at lines 639--639
\T1/ptm/m/n/10 sigkeit| 
 []


Overfull \hbox (2.99255pt too wide) in paragraph at lines 645--645
[]|\T1/ptm/m/n/10 [1,1e5]| 
 []


Underfull \hbox (badness 4660) in paragraph at lines 645--646
[]|\T1/ptm/m/n/10 Anzahl der Kry-lo-vräu-me (adj,
 []


Underfull \hbox (badness 10000) in paragraph at lines 649--649
[]|\T1/ptm/m/n/10 [0.1,
 []


Underfull \hbox (badness 10000) in paragraph at lines 651--651
[]|\T1/ptm/m/n/10 [0.1,
 []


Overfull \hbox (2.72266pt too wide) in paragraph at lines 651--651
\T1/ptm/m/n/10 10000]| 
 []


Underfull \hbox (badness 10000) in paragraph at lines 653--654
[]|\T1/ptm/m/n/10 Abbruchkriterium Stan-dard-ab-
 []


Underfull \hbox (badness 4366) in paragraph at lines 653--654
\T1/ptm/m/n/10 wei-chung: Ge-nau-ig-keit pri-ma-le
 []


Overfull \hbox (3.76297pt too wide) in paragraph at lines 655--655
[]|\T1/ptm/m/n/10 stop_accuracyAdj| 
 []


Underfull \hbox (badness 10000) in paragraph at lines 655--656
[]|\T1/ptm/m/n/10 Abbruchkriterium Stan-dard-ab-
 []


Overfull \hbox (2.99255pt too wide) in paragraph at lines 657--657
[]|\T1/ptm/m/n/10 [1,1e5]| 
 []


Underfull \hbox (badness 10000) in paragraph at lines 657--658
[]|\T1/ptm/m/n/10 Abbruchkriterium Stan-dard-
 []


Underfull \hbox (badness 10000) in paragraph at lines 657--658
\T1/ptm/m/n/10 ab-wei-chung: An-zahl der zu
 []


Overfull \hbox (2.99255pt too wide) in paragraph at lines 659--659
[]|\T1/ptm/m/n/10 [1,1e4]| 
 []


Overfull \hbox (2.99255pt too wide) in paragraph at lines 661--661
[]|\T1/ptm/m/n/10 [1,1e5]| 
 []


Overfull \hbox (83.63254pt too wide) in paragraph at lines 637--666
 [][] 
 []


Underfull \hbox (badness 10000) in paragraph at lines 614--669

 []


Overfull \hbox (0.64117pt too wide) in paragraph at lines 614--669
\T1/ptm/m/n/10 und ein Ab-bruch bei ge-wünsch-ten Ge-nau-ig-kei-ten ver-wen-det
. Zwei-te-res ist er-zielt, wenn
 []


Underfull \hbox (badness 10000) in paragraph at lines 614--669

 []


Underfull \hbox (badness 10000) in paragraph at lines 614--669

 []

[7]

LaTeX Warning: `h' float specifier changed to `ht'.

[8]
LaTeX Font Info:    Font shape `U/lasy/b/n' in size <7> not available
(Font)              Font shape `U/lasy/m/n' tried instead on input line 679.
LaTeX Font Info:    Font shape `U/lasy/b/n' in size <5> not available
(Font)              Font shape `U/lasy/m/n' tried instead on input line 679.

Overfull \hbox (1.92136pt too wide) in paragraph at lines 696--696
[]|\T1/ptm/m/n/10 Default-
 []


Overfull \hbox (2.78738pt too wide) in paragraph at lines 696--696
[]|\T1/ptm/m/n/10 Zuläs-
 []


Overfull \hbox (3.80724pt too wide) in paragraph at lines 696--696
\T1/ptm/m/n/10 sigkeit| 
 []


Underfull \hbox (badness 1472) in paragraph at lines 700--701
[]|\T1/ptm/m/n/10 Startschrittweite $\OML/cmm/m/it/10 s[]$ \T1/ptm/m/n/10 in de
r
 []


Underfull \hbox (badness 10000) in paragraph at lines 704--705
[]|\T1/ptm/m/n/10 Reduktionsfaktor bei
 []


Overfull \hbox (5.88257pt too wide) in paragraph at lines 706--706
[]|\T1/ptm/m/n/10 linesearchGewicht| 
 []


Underfull \hbox (badness 1735) in paragraph at lines 706--707
[]|\T1/ptm/m/n/10 Gewichtung $\OML/cmm/m/it/10 ^^V$ \T1/ptm/m/n/10 in Armijo-
 []


Overfull \hbox (5.83757pt too wide) in paragraph at lines 708--708
[]|\T1/ptm/m/n/10 [1,1e5]| 
 []


Underfull \hbox (badness 5022) in paragraph at lines 708--709
\T1/ptm/m/n/10 Ite-ra-ti-on er-zwin-gen (auch
 []


Overfull \hbox (17.1725pt too wide) in paragraph at lines 694--711
 [][] 
 []


Underfull \hbox (badness 10000) in paragraph at lines 677--714

 []

[9]
Overfull \hbox (4.76682pt too wide) in paragraph at lines 724--724
[]|\T1/ptm/m/n/10 Default-
 []


Underfull \hbox (badness 10000) in paragraph at lines 724--724
[]|\T1/ptm/m/n/10 Zuläs-
 []


Underfull \hbox (badness 2409) in paragraph at lines 732--733
[]|\T1/ptm/m/n/10 Maximale An-zahl an Re-
 []


Underfull \hbox (badness 7613) in paragraph at lines 734--735
[]|\T1/ptm/m/n/10 Abstandstoleranz bei Re-
 []


Underfull \hbox (badness 10000) in paragraph at lines 736--737
[]|\T1/ptm/m/n/10 Abbruchkriterium: Fort-
 []


Underfull \hbox (badness 10000) in paragraph at lines 738--739
[]|\T1/ptm/m/n/10 Abbruchkriterium: Fort-
 []


Overfull \hbox (25.7084pt too wide) in paragraph at lines 722--745
 [][] 
 []

[10]
Overfull \hbox (27.70651pt too wide) detected at line 766
\OMS/cmsy/m/n/10 J[] \OT1/cmr/m/n/10 = [] \OMS/cmsy/m/n/10 ^^@ [] \OML/cmm/m/it
/10 :
 []

<geometrie_skizze_noInterface.png, id=62, 207.70512pt x 207.70512pt>
File: geometrie_skizze_noInterface.png Graphic file (type png)

<use geometrie_skizze_noInterface.png>
Package pdftex.def Info: geometrie_skizze_noInterface.png used on input line 78
8.
(pdftex.def)             Requested size: 103.8523pt x 103.8523pt.

<geometrie_skizze_MultOutlet.png, id=63, 264.3261pt x 207.70512pt>
File: geometrie_skizze_MultOutlet.png Graphic file (type png)

<use geometrie_skizze_MultOutlet.png>
Package pdftex.def Info: geometrie_skizze_MultOutlet.png used on input line 789
.
(pdftex.def)             Requested size: 132.16272pt x 103.8523pt.

Overfull \hbox (4.76682pt too wide) in paragraph at lines 816--816
[]|\T1/ptm/m/n/10 Default-
 []


Underfull \hbox (badness 10000) in paragraph at lines 816--816
[]|\T1/ptm/m/n/10 Zuläs-
 []


Overfull \hbox (2.378pt too wide) in paragraph at lines 816--816
[]|\T1/ptm/m/n/10 RLR| 
 []


Underfull \hbox (badness 10000) in paragraph at lines 818--819
[]|\T1/ptm/m/n/10 Gewichtungsparameter $\OML/cmm/m/it/10 ^^M$
 []


Underfull \hbox (badness 10000) in paragraph at lines 820--820
[]|\T1/ptm/m/n/10 3(0.25,
 []


Overfull \hbox (3.8413pt too wide) in paragraph at lines 820--820
\T1/ptm/m/n/10 0.25,0.25)| 
 []


Underfull \hbox (badness 10000) in paragraph at lines 820--821
[]|\T1/ptm/m/n/10 Gewichtungsparameter $\OML/cmm/m/it/10 ^^M[]$
 []


Underfull \hbox (badness 5008) in paragraph at lines 824--825
[]|\T1/ptm/m/n/10 Grafische Dar-stel-lung der
 []


Overfull \hbox (1.09741pt too wide) in paragraph at lines 826--826
[]|\T1/ptm/m/n/10 gnu_plot_visual_i| 
 []


Underfull \hbox (badness 1418) in paragraph at lines 826--829
[]|\T1/ptm/m/n/10 Aktualisieren der Gra-fi-ken
 []


Overfull \hbox (42.78067pt too wide) in paragraph at lines 814--831
 [][] 
 []


Overfull \hbox (54.38264pt too wide) in paragraph at lines 782--834
\T1/ptm/m/n/10 mit dem Ge-wich-tungs-pa-ra-me-ter $\OML/cmm/m/it/10 ^^M$ \T1/pt
m/m/n/10 ($[]$). Die Pa-ra-me-ter \T1/ptm/b/n/10 gnu_plot_visual \T1/ptm/m/n/10
 und \T1/ptm/b/n/10 gnu_plot_visual_i
 []

[11 <./geometrie_skizze_noInterface.png (PNG copy)> <./geometrie_skizze_MultOut
let.png (PNG copy)>] [12]
Underfull \hbox (badness 1072) in paragraph at lines 904--910
\T1/ptm/m/n/10 de der Form-gra-di-ent au-to-ma-tisch
 []


Underfull \hbox (badness 5119) in paragraph at lines 904--910
\T1/ptm/m/n/10 auf die-sen Flä-chen gleich null
 []


Underfull \hbox (badness 1112) in paragraph at lines 904--910
\T1/ptm/m/n/10 Die Ein-stel-lung er-folgt über den
 []


Underfull \hbox (badness 10000) in paragraph at lines 904--910

 []


Underfull \hbox (badness 10000) in paragraph at lines 904--910

 []


Underfull \hbox (badness 10000) in paragraph at lines 904--910

 []

<inlet_outlet_fg_fix.png, id=72, 1410.26875pt x 837.1275pt>
File: inlet_outlet_fg_fix.png Graphic file (type png)

<use inlet_outlet_fg_fix.png>
Package pdftex.def Info: inlet_outlet_fg_fix.png used on input line 914.
(pdftex.def)             Requested size: 197.43628pt x 117.19705pt.

Overfull \hbox (26.71976pt too wide) in paragraph at lines 914--915
[][] 
 []


Overfull \hbox (1.239pt too wide) in paragraph at lines 919--919
[]\T1/ptm/b/n/10 Methode 2: Ver-wen-dung von Ziel-funk-tio-na-le für Bau-raum u
nd Über-gangs-
 []


Underfull \hbox (badness 5893) in paragraph at lines 954--957
\T1/ptm/m/n/10 er-folgt die Über-gangs-re-strik-ti-on.
 []


Underfull \hbox (badness 2229) in paragraph at lines 954--957
\T1/ptm/b/n/10 uer_pow \T1/ptm/m/n/10 (Grad der Po-tenz-funk-
 []


Underfull \hbox (badness 7451) in paragraph at lines 954--957
\T1/ptm/m/n/10 ti-on des nicht-li-nea-ren An-teils),
 []


Underfull \hbox (badness 10000) in paragraph at lines 954--957
\T1/ptm/b/n/10 uer_nonlinear \T1/ptm/m/n/10 und \T1/ptm/b/n/10 uer_linear
 []


Underfull \hbox (badness 10000) in paragraph at lines 954--957

 []


Underfull \hbox (badness 10000) in paragraph at lines 954--957

 []


Underfull \hbox (badness 10000) in paragraph at lines 959--960

 []

<uer_funk2.png, id=73, 540.60236pt x 313.26485pt>
File: uer_funk2.png Graphic file (type png)
 <use uer_funk2.png>
Package pdftex.def Info: uer_funk2.png used on input line 962.
(pdftex.def)             Requested size: 216.2371pt x 125.30371pt.

Overfull \hbox (45.52058pt too wide) in paragraph at lines 962--963
[][] 
 []

<restriktion1.png, id=74, 1230.5975pt x 792.9625pt>
File: restriktion1.png Graphic file (type png)
 <use restriktion1.png>
Package pdftex.def Info: restriktion1.png used on input line 971.
(pdftex.def)             Requested size: 123.06696pt x 79.30089pt.

<uer_bereich_nonlinear.png, id=75, 664.081pt x 617.507pt>
File: uer_bereich_nonlinear.png Graphic file (type png)

<use uer_bereich_nonlinear.png>
Package pdftex.def Info: uer_bereich_nonlinear.png used on input line 972.
(pdftex.def)             Requested size: 166.01984pt x 154.37637pt.

Overfull \hbox (7.59882pt too wide) in paragraph at lines 923--980
\T1/ptm/m/n/10 (\T1/ptm/b/n/10 bauraum_gewichtung\T1/ptm/m/n/10 ), $\OML/cmm/m/
it/10 ' \U/msa/m/n/10 > \OT1/cmr/m/n/10 0$ \T1/ptm/m/n/10 (\T1/ptm/b/n/10 fix_g
ewichtung\T1/ptm/m/n/10 ) und der Di-stanz-funk-ti-on $\OML/cmm/m/it/10 d [] \O
T1/cmr/m/n/10 =
 []


Overfull \hbox (3.33456pt too wide) in paragraph at lines 923--980
\T1/ptm/m/n/10 des Penalty-Verfahrens ist $\OML/cmm/m/it/10 ` [] \OT1/cmr/m/n/1
0 = \OML/cmm/m/it/10 c[] [][]$\T1/ptm/m/n/10 , mit $\OML/cmm/m/it/10 ^^L > \OT1
/cmr/m/n/10 0$ \T1/ptm/m/n/10 (\T1/ptm/b/n/10 bauraum_straf_potenz\T1/ptm/m/n/1
0 ).
 []


LaTeX Warning: `h' float specifier changed to `ht'.

[13 <./inlet_outlet_fg_fix.png (PNG copy)>]
<bauraum_parameter1deutsch.png, id=80, 327.49123pt x 242.13295pt>
File: bauraum_parameter1deutsch.png Graphic file (type png)

<use bauraum_parameter1deutsch.png>
Package pdftex.def Info: bauraum_parameter1deutsch.png used on input line 994.
(pdftex.def)             Requested size: 147.36967pt x 108.95882pt.

<bauraum_parameter2.png, id=81, 327.49123pt x 242.13295pt>
File: bauraum_parameter2.png Graphic file (type png)

<use bauraum_parameter2.png>
Package pdftex.def Info: bauraum_parameter2.png used on input line 995.
(pdftex.def)             Requested size: 147.36967pt x 108.95882pt.
 [14 <./uer_funk2.png (PNG copy)> <./restriktion1.png (PNG copy)> <./uer_bereic
h_nonlinear.png (PNG copy)>]
Overfull \hbox (10.87778pt too wide) in paragraph at lines 1009--1012
\T1/ptm/m/n/10 erfüllt sind, wo-bei $\OML/cmm/m/it/10 d[]$ \T1/ptm/m/n/10 und $
\OML/cmm/m/it/10 d[]$ \T1/ptm/m/n/10 durch die Wahl der Pa-ra-me-ter \T1/ptm/b/
n/10 dminDS \T1/ptm/m/n/10 und \T1/ptm/b/n/10 dminBDS
 []

<Rohr3_damp0.png, id=86, 966.61125pt x 792.9625pt>
File: Rohr3_damp0.png Graphic file (type png)
 <use Rohr3_damp0.png>
Package pdftex.def Info: Rohr3_damp0.png used on input line 1020.
(pdftex.def)             Requested size: 154.66095pt x 126.87659pt.

<Rohr3_damp1.png, id=87, 966.61125pt x 792.9625pt>
File: Rohr3_damp1.png Graphic file (type png)
 <use Rohr3_damp1.png>
Package pdftex.def Info: Rohr3_damp1.png used on input line 1021.
(pdftex.def)             Requested size: 154.66095pt x 126.87659pt.

[15 <./bauraum_parameter1deutsch.png (PNG copy)> <./bauraum_parameter2.png (PNG
 copy)> <./Rohr3_damp0.png (PNG copy)> <./Rohr3_damp1.png (PNG copy)>]
<Rohr3_damp_0b.png, id=91, 966.61125pt x 792.9625pt>
File: Rohr3_damp_0b.png Graphic file (type png)
 <use Rohr3_damp_0b.png>
Package pdftex.def Info: Rohr3_damp_0b.png used on input line 1039.
(pdftex.def)             Requested size: 82.16824pt x 67.40697pt.

<Rohr3_damp_0a.png, id=92, 966.61125pt x 792.9625pt>
File: Rohr3_damp_0a.png Graphic file (type png)
 <use Rohr3_damp_0a.png>
Package pdftex.def Info: Rohr3_damp_0a.png used on input line 1040.
(pdftex.def)             Requested size: 82.16824pt x 67.40697pt.

<Rohr3_damp40.png, id=93, 966.61125pt x 792.9625pt>
File: Rohr3_damp40.png Graphic file (type png)
 <use Rohr3_damp40.png>
Package pdftex.def Info: Rohr3_damp40.png used on input line 1041.
(pdftex.def)             Requested size: 82.16824pt x 67.40697pt.

<Rohr3_lb0.png, id=94, 966.61125pt x 792.9625pt>
File: Rohr3_lb0.png Graphic file (type png)
 <use Rohr3_lb0.png>
Package pdftex.def Info: Rohr3_lb0.png used on input line 1051.
(pdftex.def)             Requested size: 115.98834pt x 95.15138pt.

<Rohr3_lb1.png, id=95, 966.61125pt x 792.9625pt>
File: Rohr3_lb1.png Graphic file (type png)
 <use Rohr3_lb1.png>
Package pdftex.def Info: Rohr3_lb1.png used on input line 1052.
(pdftex.def)             Requested size: 115.98834pt x 95.15138pt.

Underfull \hbox (badness 10000) in paragraph at lines 1048--1056

 []


Overfull \hbox (4.76682pt too wide) in paragraph at lines 1069--1069
[]|\T1/ptm/m/n/10 Default-
 []


Underfull \hbox (badness 10000) in paragraph at lines 1069--1069
[]|\T1/ptm/m/n/10 Zuläs-
 []


Overfull \hbox (2.58316pt too wide) in paragraph at lines 1071--1071
[]|\T1/ptm/m/n/10 0.015| 
 []


Overfull \hbox (1.21544pt too wide) in paragraph at lines 1083--1083
[]|\T1/ptm/m/n/10 bauraum_straf_potenz| 
 []


Underfull \hbox (badness 1616) in paragraph at lines 1087--1088
[]|\T1/ptm/m/n/10 Übergangsrestriktion: Me-tho-de 1 ver-
 []


Overfull \hbox (4.55515pt too wide) in paragraph at lines 1089--1089
[]|\T1/ptm/m/n/10 scaleShapeGradientFix| 
 []


Underfull \hbox (badness 1616) in paragraph at lines 1089--1090
[]|\T1/ptm/m/n/10 Übergangsrestriktion: Me-tho-de 3 ver-
 []


Overfull \hbox (82.61392pt too wide) in paragraph at lines 1067--1094
 [][] 
 []


Underfull \hbox (badness 10000) in paragraph at lines 1102--1102
[]|\T1/ptm/m/n/10 Zuläs-
 []


Overfull \hbox (26.51616pt too wide) in paragraph at lines 1100--1111
 [][] 
 []


Underfull \hbox (badness 10000) in paragraph at lines 1119--1119
[]|\T1/ptm/m/n/10 Parameter-
 []


Underfull \hbox (badness 10000) in paragraph at lines 1119--1119
[]|\T1/ptm/m/n/10 Default-
 []


Underfull \hbox (badness 10000) in paragraph at lines 1119--1119
[]|\T1/ptm/m/n/10 Zuläs-
 []


Overfull \hbox (5.14711pt too wide) in paragraph at lines 1123--1123
[]|\T1/ptm/m/n/10 [0,1e20]| 
 []


Overfull \hbox (29.36162pt too wide) in paragraph at lines 1117--1126
 [][] 
 []


LaTeX Warning: `h' float specifier changed to `ht'.

[16 <./Rohr3_damp_0b.png (PNG copy)> <./Rohr3_damp_0a.png (PNG copy)> <./Rohr3_
damp40.png (PNG copy)> <./Rohr3_lb0.png (PNG copy)> <./Rohr3_lb1.png (PNG copy)
>]
Underfull \hbox (badness 10000) in paragraph at lines 1130--1131

 []

[17]
Underfull \hbox (badness 10000) in paragraph at lines 1145--1149
[]\T1/ptm/m/n/10 Es scheint nu-me-risch not-wen-dig, Grenz-wer-te $\OMS/cmsy/m/
n/10 T[]$
 []


Underfull \hbox (badness 10000) in paragraph at lines 1145--1149
\T1/ptm/m/n/10 (\T1/ptm/b/n/10 thresholdTOPupper\T1/ptm/m/n/10 ) und $\OMS/cmsy
/m/n/10 T[]$ \T1/ptm/m/n/10 (\T1/ptm/b/n/10 thresholdTOPlower\T1/ptm/m/n/10 )
 []

<TOPscale.png, id=102, 512.14961pt x 512.14961pt>
File: TOPscale.png Graphic file (type png)
 <use TOPscale.png>
Package pdftex.def Info: TOPscale.png used on input line 1153.
(pdftex.def)             Requested size: 81.9456pt x 81.9456pt.

Overfull \hbox (4.76682pt too wide) in paragraph at lines 1164--1164
[]|\T1/ptm/m/n/10 Default-
 []


Underfull \hbox (badness 10000) in paragraph at lines 1164--1164
[]|\T1/ptm/m/n/10 Zuläs-
 []


Underfull \hbox (badness 2538) in paragraph at lines 1166--1167
[]|\T1/ptm/m/n/10 0:Formoptimierung, 1: To-po-lo-
 []


Underfull \hbox (badness 10000) in paragraph at lines 1174--1175
[]|\T1/ptm/m/n/10 Verwendung der Ska-lie-rungs-
 []


Overfull \hbox (1.87709pt too wide) in paragraph at lines 1176--1176
[]|\T1/ptm/m/n/10 thresholdTOPupper| 
 []


Overfull \hbox (1.62695pt too wide) in paragraph at lines 1178--1178
[]|\T1/ptm/m/n/10 thresholdTOPlower| 
 []


Underfull \hbox (badness 2080) in paragraph at lines 1178--1179
[]|\T1/ptm/m/n/10 Unterer Grenz-wert bei Up-da-te
 []


Overfull \hbox (16.15343pt too wide) in paragraph at lines 1162--1181
 [][] 
 []


Underfull \hbox (badness 10000) in paragraph at lines 1139--1184

 []


Overfull \hbox (18.24992pt too wide) in paragraph at lines 1139--1184
[] []
 []


Underfull \hbox (badness 10000) in paragraph at lines 1139--1184

 []

[18 <./TOPscale.png (PNG copy)>]
<TS2e5top2.png, id=107, 1020.81375pt x 792.9625pt>
File: TS2e5top2.png Graphic file (type png)
 <use TS2e5top2.png>
Package pdftex.def Info: TS2e5top2.png used on input line 1191.
(pdftex.def)             Requested size: 102.08736pt x 79.30089pt.

<TS2e5top.png, id=108, 1020.81375pt x 792.9625pt>
File: TS2e5top.png Graphic file (type png)
 <use TS2e5top.png>
Package pdftex.def Info: TS2e5top.png used on input line 1192.
(pdftex.def)             Requested size: 102.08736pt x 79.30089pt.

<TS2e5smooth.png, id=109, 1020.81375pt x 792.9625pt>
File: TS2e5smooth.png Graphic file (type png)
 <use TS2e5smooth.png>
Package pdftex.def Info: TS2e5smooth.png used on input line 1193.
(pdftex.def)             Requested size: 102.08736pt x 79.30089pt.

<TS2e5feasible.png, id=110, 1020.81375pt x 792.9625pt>
File: TS2e5feasible.png Graphic file (type png)
 <use TS2e5feasible.png>
Package pdftex.def Info: TS2e5feasible.png used on input line 1216.
(pdftex.def)             Requested size: 102.08736pt x 79.30089pt.

<TS2e5expSTL.png, id=111, 1119.18124pt x 673.51625pt>
File: TS2e5expSTL.png Graphic file (type png)
 <use TS2e5expSTL.png>
Package pdftex.def Info: TS2e5expSTL.png used on input line 1217.
(pdftex.def)             Requested size: 111.92467pt x 67.35556pt.

<TS2e5close2.png, id=112, 882.29625pt x 613.29124pt>
File: TS2e5close2.png Graphic file (type png)
 <use TS2e5close2.png>
Package pdftex.def Info: TS2e5close2.png used on input line 1218.
(pdftex.def)             Requested size: 105.87097pt x 73.59177pt.

Overfull \hbox (5.14377pt too wide) in paragraph at lines 1229--1229
[]|\T1/ptm/m/n/10 Parametername| 
 []


Overfull \hbox (4.76682pt too wide) in paragraph at lines 1229--1229
[]|\T1/ptm/m/n/10 Default-
 []


Underfull \hbox (badness 10000) in paragraph at lines 1229--1229
[]|\T1/ptm/m/n/10 Zuläs-
 []


Underfull \hbox (badness 10000) in paragraph at lines 1237--1238
[]|\T1/ptm/m/n/10 Laplace Glät-tung der
 []


Underfull \hbox (badness 1783) in paragraph at lines 1241--1242
[]|\T1/ptm/m/n/10 Niveau-Schicht zum Er-zie-len
 []


Overfull \hbox (16.15385pt too wide) in paragraph at lines 1227--1245
 [][] 
 []


LaTeX Warning: `h' float specifier changed to `ht'.

[19 <./TS2e5top2.png (PNG copy)> <./TS2e5top.png (PNG copy)> <./TS2e5smooth.png
 (PNG copy)> <./TS2e5feasible.png (PNG copy)> <./TS2e5expSTL.png (PNG copy)> <.
/TS2e5close2.png (PNG copy)>]
Overfull \hbox (6.8662pt too wide) in paragraph at lines 1261--1261
[]\T1/ptm/m/n/10 Erstellen ei-nes Ord-ne-res z.B. M23Test in $FO-AM_RUN/tutoria
ls/incompressible/. 
 []

[20]
Overfull \hbox (3.16443pt too wide) in paragraph at lines 1291--1291
[]|\T1/ptm/m/n/10 Ausgabedatei| 
 []


Overfull \hbox (4.0558pt too wide) in paragraph at lines 1291--1291
[]|\T1/ptm/m/n/10 Dimension| 
 []


Underfull \hbox (badness 3838) in paragraph at lines 1299--1300
[]|\T1/ptm/m/n/10 Lösung $[]$ der ad-jun-gier-ten Glei-chung
 []


Underfull \hbox (badness 2245) in paragraph at lines 1299--1300
\T1/ptm/m/n/10 Er-zie-lens ei-ner gleich-mä-ÿi-gen Aus-strö-
 []


Underfull \hbox (badness 3838) in paragraph at lines 1301--1302
[]|\T1/ptm/m/n/10 Lösung $[]$ der ad-jun-gier-ten Glei-chung
 []


Overfull \hbox (3.77457pt too wide) in paragraph at lines 1313--1313
 []|\T1/ptm/m/n/10 GeomChange| 
 []


Underfull \hbox (badness 10000) in paragraph at lines 1317--1318
[]|\T1/ptm/m/n/10 Negativer Form-gra-di-ent - Laplace-
 []


Overfull \hbox (20.82527pt too wide) in paragraph at lines 1289--1320
 [][] 
 []


Overfull \hbox (3.16443pt too wide) in paragraph at lines 1327--1327
[]|\T1/ptm/m/n/10 Ausgabedatei| 
 []


Overfull \hbox (4.0558pt too wide) in paragraph at lines 1327--1327
[]|\T1/ptm/m/n/10 Dimension| 
 []


Overfull \hbox (4.72449pt too wide) in paragraph at lines 1335--1335
 []|\T1/ptm/m/n/10 1/TOPsmooth| 
 []


Overfull \hbox (15.13481pt too wide) in paragraph at lines 1325--1340
 [][] 
 []


Underfull \hbox (badness 10000) in paragraph at lines 1283--1345

 []


LaTeX Warning: `h' float specifier changed to `ht'.

[21] <paraview1.png, id=123, 712.52867pt x 505.36249pt>
File: paraview1.png Graphic file (type png)
 <use paraview1.png>
Package pdftex.def Info: paraview1.png used on input line 1360.
(pdftex.def)             Requested size: 163.87814pt x 116.23093pt.

<paraview3.png, id=124, 705.034pt x 502.72488pt>
File: paraview3.png Graphic file (type png)
 <use paraview3.png>
Package pdftex.def Info: paraview3.png used on input line 1361.
(pdftex.def)             Requested size: 162.1544pt x 115.62428pt.

<S200por8.png, id=125, 1026.83624pt x 792.9625pt>
File: S200por8.png Graphic file (type png)
 <use S200por8.png>
Package pdftex.def Info: S200por8.png used on input line 1379.
(pdftex.def)             Requested size: 112.95233pt x 87.22614pt.

<S200top7.png, id=126, 1026.83624pt x 792.9625pt>
File: S200top7.png Graphic file (type png)
 <use S200top7.png>
Package pdftex.def Info: S200top7.png used on input line 1380.
(pdftex.def)             Requested size: 112.95233pt x 87.22614pt.

<S200con7.png, id=127, 1026.83624pt x 792.9625pt>
File: S200con7.png Graphic file (type png)
 <use S200con7.png>
Package pdftex.def Info: S200con7.png used on input line 1381.
(pdftex.def)             Requested size: 112.95233pt x 87.22614pt.
 [22 <./paraview1.png> <./paraview3.png> <./S200por8.png (PNG copy)> <./S200top
7.png (PNG copy)> <./S200con7.png (PNG copy)>]
<testlauf_info161.png, id=131, 1013.386pt x 460.52344pt>
File: testlauf_info161.png Graphic file (type png)

<use testlauf_info161.png>
Package pdftex.def Info: testlauf_info161.png used on input line 1387.
(pdftex.def)             Requested size: 506.69176pt x 230.26115pt.

<testlauf_info162.png, id=132, 920.238pt x 78.07271pt>
File: testlauf_info162.png Graphic file (type png)

<use testlauf_info162.png>
Package pdftex.def Info: testlauf_info162.png used on input line 1389.
(pdftex.def)             Requested size: 460.11787pt x 39.03625pt.

<testlauf_info163.png, id=133, 1015.52733pt x 80.18277pt>
File: testlauf_info163.png Graphic file (type png)

<use testlauf_info163.png>
Package pdftex.def Info: testlauf_info163.png used on input line 1391.
(pdftex.def)             Requested size: 507.76242pt x 40.09128pt.

Underfull \hbox (badness 10000) in paragraph at lines 1387--1392

 []


Underfull \hbox (badness 10000) in paragraph at lines 1387--1392

 []

[23

 <./testlauf_info161.png> <./testlauf_info162.png> <./testlauf_info163.png>]
Underfull \hbox (badness 4518) in paragraph at lines 1436--1437
[]|\T1/ptm/m/n/10 Bauraumüberschreitung der Start-geo-me-trie bei Ver-wen-dung 
von
 []

<struktogramm16.png, id=137, 825.12993pt x 1257.61182pt>
File: struktogramm16.png Graphic file (type png)

<use struktogramm16.png>
Package pdftex.def Info: struktogramm16.png used on input line 1459.
(pdftex.def)             Requested size: 387.81113pt x 591.07765pt.

Overfull \hbox (42.81113pt too wide) in paragraph at lines 1459--1460
 [][] 
 []


LaTeX Warning: Float too large for page by 17.24257pt on input line 1462.


Underfull \hbox (badness 10000) in paragraph at lines 1416--1467

 []


Underfull \hbox (badness 10000) in paragraph at lines 1416--1467

 []

[24

] [25 <./struktogramm16.png (PNG copy)>] (./Handbuch_2017.aux)

LaTeX Warning: There were multiply-defined labels.

 ) 
Here is how much of TeX's memory you used:
 6995 strings out of 493014
 90225 string characters out of 6141612
 205736 words of memory out of 5000000
 10330 multiletter control sequences out of 15000+600000
 37111 words of font info for 55 fonts, out of 8000000 for 9000
 1141 hyphenation exceptions out of 8191
 41i,18n,43p,372b,546s stack positions out of 5000i,500n,10000p,200000b,80000s
{/usr/share/texmf/fonts/enc/dvips/base/8r.enc}</usr/share/texmf/fonts/type1/p
ublic/amsfonts/cm/cmbx10.pfb></usr/share/texmf/fonts/type1/public/amsfonts/cm/c
mex10.pfb></usr/share/texmf/fonts/type1/public/amsfonts/cm/cmmi10.pfb></usr/sha
re/texmf/fonts/type1/public/amsfonts/cm/cmmi5.pfb></usr/share/texmf/fonts/type1
/public/amsfonts/cm/cmmi7.pfb></usr/share/texmf/fonts/type1/public/amsfonts/cm/
cmmib10.pfb></usr/share/texmf/fonts/type1/public/amsfonts/cmextra/cmmib7.pfb></
usr/share/texmf/fonts/type1/public/amsfonts/cm/cmr10.pfb></usr/share/texmf/font
s/type1/public/amsfonts/cm/cmr5.pfb></usr/share/texmf/fonts/type1/public/amsfon
ts/cm/cmr7.pfb></usr/share/texmf/fonts/type1/public/amsfonts/cm/cmsy10.pfb></us
r/share/texmf/fonts/type1/public/amsfonts/cm/cmsy5.pfb></usr/share/texmf/fonts/
type1/public/amsfonts/cm/cmsy7.pfb></usr/share/texmf/fonts/type1/public/amsfont
s/symbols/msam10.pfb></usr/share/texmf/fonts/type1/public/amsfonts/symbols/msbm
10.pfb></usr/share/texmf/fonts/type1/urw/times/utmb8a.pfb></usr/share/texmf/fon
ts/type1/urw/times/utmr8a.pfb></usr/share/texmf/fonts/type1/urw/times/utmri8a.p
fb>
Output written on Handbuch_2017.pdf (25 pages, 5711899 bytes).
PDF statistics:
 204 PDF objects out of 1000 (max. 8388607)
 112 compressed objects within 2 object streams
 0 named destinations out of 1000 (max. 500000)
 226 words of extra memory for PDF output out of 10000 (max. 10000000)

